{"meta": {"format": 3, "version": "7.10.6", "timestamp": "2026-01-05T12:32:01.179844", "branch_coverage": true, "show_contexts": false}, "files": {"src/obskit/__init__.py": {"executed_lines": [1, 208, 213, 218, 223, 228, 237, 242, 252, 264, 275, 286, 291, 292, 297, 308, 313, 318, 329, 330, 335, 345, 350, 370, 375, 380, 385, 390, 397, 398, 399, 401, 407, 408, 409, 411, 417, 418, 419, 421, 429], "summary": {"covered_lines": 40, "num_statements": 46, "percent_covered": 86.95652173913044, "percent_covered_display": "87", "missing_lines": 6, "excluded_lines": 0, "num_branches": 0, "num_partial_branches": 0, "covered_branches": 0, "missing_branches": 0}, "missing_lines": [402, 404, 412, 414, 422, 424], "excluded_lines": [], "executed_branches": [], "missing_branches": [], "functions": {"": {"executed_lines": [1, 208, 213, 218, 223, 228, 237, 242, 252, 264, 275, 286, 291, 292, 297, 308, 313, 318, 329, 330, 335, 345, 350, 370, 375, 380, 385, 390, 397, 398, 399, 401, 407, 408, 409, 411, 417, 418, 419, 421, 429], "summary": {"covered_lines": 40, "num_statements": 46, "percent_covered": 86.95652173913044, "percent_covered_display": "87", "missing_lines": 6, "excluded_lines": 0, "num_branches": 0, "num_partial_branches": 0, "covered_branches": 0, "missing_branches": 0}, "missing_lines": [402, 404, 412, 414, 422, 424], "excluded_lines": [], "executed_branches": [], "missing_branches": []}}, "classes": {"": {"executed_lines": [1, 208, 213, 218, 223, 228, 237, 242, 252, 264, 275, 286, 291, 292, 297, 308, 313, 318, 329, 330, 335, 345, 350, 370, 375, 380, 385, 390, 397, 398, 399, 401, 407, 408, 409, 411, 417, 418, 419, 421, 429], "summary": {"covered_lines": 40, "num_statements": 46, "percent_covered": 86.95652173913044, "percent_covered_display": "87", "missing_lines": 6, "excluded_lines": 0, "num_branches": 0, "num_partial_branches": 0, "covered_branches": 0, "missing_branches": 0}, "missing_lines": [402, 404, 412, 414, 422, 424], "excluded_lines": [], "executed_branches": [], "missing_branches": []}}}, "src/obskit/_version.py": {"executed_lines": [1, 20, 23], "summary": {"covered_lines": 2, "num_statements": 2, "percent_covered": 100.0, "percent_covered_display": "100", "missing_lines": 0, "excluded_lines": 0, "num_branches": 0, "num_partial_branches": 0, "covered_branches": 0, "missing_branches": 0}, "missing_lines": [], "excluded_lines": [], "executed_branches": [], "missing_branches": [], "functions": {"": {"executed_lines": [1, 20, 23], "summary": {"covered_lines": 2, "num_statements": 2, "percent_covered": 100.0, "percent_covered_display": "100", "missing_lines": 0, "excluded_lines": 0, "num_branches": 0, "num_partial_branches": 0, "covered_branches": 0, "missing_branches": 0}, "missing_lines": [], "excluded_lines": [], "executed_branches": [], "missing_branches": []}}, "classes": {"": {"executed_lines": [1, 20, 23], "summary": {"covered_lines": 2, "num_statements": 2, "percent_covered": 100.0, "percent_covered_display": "100", "missing_lines": 0, "excluded_lines": 0, "num_branches": 0, "num_partial_branches": 0, "covered_branches": 0, "missing_branches": 0}, "missing_lines": [], "excluded_lines": [], "executed_branches": [], "missing_branches": []}}}, "src/obskit/alerts/__init__.py": {"executed_lines": [1, 3, 5], "summary": {"covered_lines": 2, "num_statements": 2, "percent_covered": 100.0, "percent_covered_display": "100", "missing_lines": 0, "excluded_lines": 0, "num_branches": 0, "num_partial_branches": 0, "covered_branches": 0, "missing_branches": 0}, "missing_lines": [], "excluded_lines": [], "executed_branches": [], "missing_branches": [], "functions": {"": {"executed_lines": [1, 3, 5], "summary": {"covered_lines": 2, "num_statements": 2, "percent_covered": 100.0, "percent_covered_display": "100", "missing_lines": 0, "excluded_lines": 0, "num_branches": 0, "num_partial_branches": 0, "covered_branches": 0, "missing_branches": 0}, "missing_lines": [], "excluded_lines": [], "executed_branches": [], "missing_branches": []}}, "classes": {"": {"executed_lines": [1, 3, 5], "summary": {"covered_lines": 2, "num_statements": 2, "percent_covered": 100.0, "percent_covered_display": "100", "missing_lines": 0, "excluded_lines": 0, "num_branches": 0, "num_partial_branches": 0, "covered_branches": 0, "missing_branches": 0}, "missing_lines": [], "excluded_lines": [], "executed_branches": [], "missing_branches": []}}}, "src/obskit/alerts/config.py": {"executed_lines": [1, 39, 41, 42, 45, 46, 47, 107, 108, 111, 112, 115, 118, 119, 122, 125, 126, 127, 130, 131, 134, 135, 138, 145, 166, 167, 229, 252, 276, 280, 597, 600], "summary": {"covered_lines": 30, "num_statements": 40, "percent_covered": 73.80952380952381, "percent_covered_display": "74", "missing_lines": 10, "excluded_lines": 0, "num_branches": 2, "num_partial_branches": 1, "covered_branches": 1, "missing_branches": 1}, "missing_lines": [193, 195, 196, 197, 199, 200, 201, 203, 231, 277], "excluded_lines": [], "executed_branches": [[276, 280]], "missing_branches": [[276, 277]], "functions": {"AlertConfig.from_env": {"executed_lines": [], "summary": {"covered_lines": 0, "num_statements": 4, "percent_covered": 0.0, "percent_covered_display": "0", "missing_lines": 4, "excluded_lines": 0, "num_branches": 0, "num_partial_branches": 0, "covered_branches": 0, "missing_branches": 0}, "missing_lines": [193, 195, 199, 203], "excluded_lines": [], "executed_branches": [], "missing_branches": []}, "AlertConfig.from_env.get_float": {"executed_lines": [], "summary": {"covered_lines": 0, "num_statements": 2, "percent_covered": 0.0, "percent_covered_display": "0", "missing_lines": 2, "excluded_lines": 0, "num_branches": 0, "num_partial_branches": 0, "covered_branches": 0, "missing_branches": 0}, "missing_lines": [196, 197], "excluded_lines": [], "executed_branches": [], "missing_branches": []}, "AlertConfig.from_env.get_int": {"executed_lines": [], "summary": {"covered_lines": 0, "num_statements": 2, "percent_covered": 0.0, "percent_covered_display": "0", "missing_lines": 2, "excluded_lines": 0, "num_branches": 0, "num_partial_branches": 0, "covered_branches": 0, "missing_branches": 0}, "missing_lines": [200, 201], "excluded_lines": [], "executed_branches": [], "missing_branches": []}, "AlertConfig.to_dict": {"executed_lines": [], "summary": {"covered_lines": 0, "num_statements": 1, "percent_covered": 0.0, "percent_covered_display": "0", "missing_lines": 1, "excluded_lines": 0, "num_branches": 0, "num_partial_branches": 0, "covered_branches": 0, "missing_branches": 0}, "missing_lines": [231], "excluded_lines": [], "executed_branches": [], "missing_branches": []}, "generate_prometheus_rules": {"executed_lines": [276, 280, 597], "summary": {"covered_lines": 3, "num_statements": 4, "percent_covered": 66.66666666666667, "percent_covered_display": "67", "missing_lines": 1, "excluded_lines": 0, "num_branches": 2, "num_partial_branches": 1, "covered_branches": 1, "missing_branches": 1}, "missing_lines": [277], "excluded_lines": [], "executed_branches": [[276, 280]], "missing_branches": [[276, 277]]}, "": {"executed_lines": [1, 39, 41, 42, 45, 46, 47, 107, 108, 111, 112, 115, 118, 119, 122, 125, 126, 127, 130, 131, 134, 135, 138, 145, 166, 167, 229, 252, 600], "summary": {"covered_lines": 27, "num_statements": 27, "percent_covered": 100.0, "percent_covered_display": "100", "missing_lines": 0, "excluded_lines": 0, "num_branches": 0, "num_partial_branches": 0, "covered_branches": 0, "missing_branches": 0}, "missing_lines": [], "excluded_lines": [], "executed_branches": [], "missing_branches": []}}, "classes": {"AlertConfig": {"executed_lines": [], "summary": {"covered_lines": 0, "num_statements": 9, "percent_covered": 0.0, "percent_covered_display": "0", "missing_lines": 9, "excluded_lines": 0, "num_branches": 0, "num_partial_branches": 0, "covered_branches": 0, "missing_branches": 0}, "missing_lines": [193, 195, 196, 197, 199, 200, 201, 203, 231], "excluded_lines": [], "executed_branches": [], "missing_branches": []}, "": {"executed_lines": [1, 39, 41, 42, 45, 46, 47, 107, 108, 111, 112, 115, 118, 119, 122, 125, 126, 127, 130, 131, 134, 135, 138, 145, 166, 167, 229, 252, 276, 280, 597, 600], "summary": {"covered_lines": 30, "num_statements": 31, "percent_covered": 93.93939393939394, "percent_covered_display": "94", "missing_lines": 1, "excluded_lines": 0, "num_branches": 2, "num_partial_branches": 1, "covered_branches": 1, "missing_branches": 1}, "missing_lines": [277], "excluded_lines": [], "executed_branches": [[276, 280]], "missing_branches": [[276, 277]]}}}, "src/obskit/compliance/pii.py": {"executed_lines": [1, 40, 42, 43, 44, 46, 47, 50, 51, 52, 53, 56, 99, 100, 102, 105, 106, 107, 110, 111, 112, 114, 120, 122, 125, 158, 162, 164, 167], "summary": {"covered_lines": 28, "num_statements": 28, "percent_covered": 100.0, "percent_covered_display": "100", "missing_lines": 0, "excluded_lines": 0, "num_branches": 14, "num_partial_branches": 0, "covered_branches": 14, "missing_branches": 0}, "missing_lines": [], "excluded_lines": [], "executed_branches": [[99, 100], [99, 102], [105, 106], [105, 110], [106, 105], [106, 107], [110, 111], [110, 122], [111, 112], [111, 122], [112, 111], [112, 114], [114, 111], [114, 120]], "missing_branches": [], "functions": {"redact_pii": {"executed_lines": [99, 100, 102, 105, 106, 107, 110, 111, 112, 114, 120, 122], "summary": {"covered_lines": 12, "num_statements": 12, "percent_covered": 100.0, "percent_covered_display": "100", "missing_lines": 0, "excluded_lines": 0, "num_branches": 14, "num_partial_branches": 0, "covered_branches": 14, "missing_branches": 0}, "missing_lines": [], "excluded_lines": [], "executed_branches": [[99, 100], [99, 102], [105, 106], [105, 110], [106, 105], [106, 107], [110, 111], [110, 122], [111, 112], [111, 122], [112, 111], [112, 114], [114, 111], [114, 120]], "missing_branches": []}, "redact_pii_decorator": {"executed_lines": [158, 164], "summary": {"covered_lines": 2, "num_statements": 2, "percent_covered": 100.0, "percent_covered_display": "100", "missing_lines": 0, "excluded_lines": 0, "num_branches": 0, "num_partial_branches": 0, "covered_branches": 0, "missing_branches": 0}, "missing_lines": [], "excluded_lines": [], "executed_branches": [], "missing_branches": []}, "redact_pii_decorator.decorator": {"executed_lines": [162], "summary": {"covered_lines": 1, "num_statements": 1, "percent_covered": 100.0, "percent_covered_display": "100", "missing_lines": 0, "excluded_lines": 0, "num_branches": 0, "num_partial_branches": 0, "covered_branches": 0, "missing_branches": 0}, "missing_lines": [], "excluded_lines": [], "executed_branches": [], "missing_branches": []}, "": {"executed_lines": [1, 40, 42, 43, 44, 46, 47, 50, 51, 52, 53, 56, 125, 167], "summary": {"covered_lines": 13, "num_statements": 13, "percent_covered": 100.0, "percent_covered_display": "100", "missing_lines": 0, "excluded_lines": 0, "num_branches": 0, "num_partial_branches": 0, "covered_branches": 0, "missing_branches": 0}, "missing_lines": [], "excluded_lines": [], "executed_branches": [], "missing_branches": []}}, "classes": {"": {"executed_lines": [1, 40, 42, 43, 44, 46, 47, 50, 51, 52, 53, 56, 99, 100, 102, 105, 106, 107, 110, 111, 112, 114, 120, 122, 125, 158, 162, 164, 167], "summary": {"covered_lines": 28, "num_statements": 28, "percent_covered": 100.0, "percent_covered_display": "100", "missing_lines": 0, "excluded_lines": 0, "num_branches": 14, "num_partial_branches": 0, "covered_branches": 14, "missing_branches": 0}, "missing_lines": [], "excluded_lines": [], "executed_branches": [[99, 100], [99, 102], [105, 106], [105, 110], [106, 105], [106, 107], [110, 111], [110, 122], [111, 112], [111, 122], [112, 111], [112, 114], [114, 111], [114, 120]], "missing_branches": []}}}, "src/obskit/config.py": {"executed_lines": [1, 109, 111, 112, 113, 115, 116, 118, 121, 122, 192, 209, 218, 227, 241, 249, 261, 269, 280, 290, 299, 313, 321, 332, 339, 350, 359, 374, 386, 395, 408, 423, 433, 444, 459, 469, 479, 488, 503, 512, 526, 542, 558, 566, 579, 595, 596, 599, 632, 633, 634, 635, 637, 640, 724, 727, 730, 732, 735, 736, 751, 775, 776, 777, 780, 808, 809, 812, 813, 815, 822, 823, 825, 830, 836, 837, 843, 847, 850], "summary": {"covered_lines": 77, "num_statements": 85, "percent_covered": 82.56880733944953, "percent_covered_display": "83", "missing_lines": 8, "excluded_lines": 0, "num_branches": 24, "num_partial_branches": 11, "covered_branches": 13, "missing_branches": 11}, "missing_lines": [748, 816, 824, 826, 831, 838, 844, 848], "excluded_lines": [], "executed_branches": [[632, 633], [632, 637], [634, 635], [812, 813], [815, 822], [822, 823], [823, 825], [825, 830], [830, 836], [836, 837], [837, 843], [843, 847], [847, 850]], "missing_branches": [[634, 637], [812, 815], [815, 816], [822, 836], [823, 824], [825, 826], [830, 831], [836, 843], [837, 838], [843, 844], [847, 848]], "functions": {"get_settings": {"executed_lines": [632, 633, 634, 635, 637], "summary": {"covered_lines": 5, "num_statements": 5, "percent_covered": 88.88888888888889, "percent_covered_display": "89", "missing_lines": 0, "excluded_lines": 0, "num_branches": 4, "num_partial_branches": 1, "covered_branches": 3, "missing_branches": 1}, "missing_lines": [], "excluded_lines": [], "executed_branches": [[632, 633], [632, 637], [634, 635]], "missing_branches": [[634, 637]]}, "configure": {"executed_lines": [724, 727, 730, 732], "summary": {"covered_lines": 4, "num_statements": 4, "percent_covered": 100.0, "percent_covered_display": "100", "missing_lines": 0, "excluded_lines": 0, "num_branches": 0, "num_partial_branches": 0, "covered_branches": 0, "missing_branches": 0}, "missing_lines": [], "excluded_lines": [], "executed_branches": [], "missing_branches": []}, "_get_cached_settings": {"executed_lines": [], "summary": {"covered_lines": 0, "num_statements": 1, "percent_covered": 0.0, "percent_covered_display": "0", "missing_lines": 1, "excluded_lines": 0, "num_branches": 0, "num_partial_branches": 0, "covered_branches": 0, "missing_branches": 0}, "missing_lines": [748], "excluded_lines": [], "executed_branches": [], "missing_branches": []}, "reset_settings": {"executed_lines": [775, 776, 777], "summary": {"covered_lines": 3, "num_statements": 3, "percent_covered": 100.0, "percent_covered_display": "100", "missing_lines": 0, "excluded_lines": 0, "num_branches": 0, "num_partial_branches": 0, "covered_branches": 0, "missing_branches": 0}, "missing_lines": [], "excluded_lines": [], "executed_branches": [], "missing_branches": []}, "validate_config": {"executed_lines": [808, 809, 812, 813, 815, 822, 823, 825, 830, 836, 837, 843, 847, 850], "summary": {"covered_lines": 14, "num_statements": 21, "percent_covered": 58.53658536585366, "percent_covered_display": "59", "missing_lines": 7, "excluded_lines": 0, "num_branches": 20, "num_partial_branches": 10, "covered_branches": 10, "missing_branches": 10}, "missing_lines": [816, 824, 826, 831, 838, 844, 848], "excluded_lines": [], "executed_branches": [[812, 813], [815, 822], [822, 823], [823, 825], [825, 830], [830, 836], [836, 837], [837, 843], [843, 847], [847, 850]], "missing_branches": [[812, 815], [815, 816], [822, 836], [823, 824], [825, 826], [830, 831], [836, 843], [837, 838], [843, 844], [847, 848]]}, "": {"executed_lines": [1, 109, 111, 112, 113, 115, 116, 118, 121, 122, 192, 209, 218, 227, 241, 249, 261, 269, 280, 290, 299, 313, 321, 332, 339, 350, 359, 374, 386, 395, 408, 423, 433, 444, 459, 469, 479, 488, 503, 512, 526, 542, 558, 566, 579, 595, 596, 599, 640, 735, 736, 751, 780], "summary": {"covered_lines": 51, "num_statements": 51, "percent_covered": 100.0, "percent_covered_display": "100", "missing_lines": 0, "excluded_lines": 0, "num_branches": 0, "num_partial_branches": 0, "covered_branches": 0, "missing_branches": 0}, "missing_lines": [], "excluded_lines": [], "executed_branches": [], "missing_branches": []}}, "classes": {"ObskitSettings": {"executed_lines": [], "summary": {"covered_lines": 0, "num_statements": 0, "percent_covered": 100.0, "percent_covered_display": "100", "missing_lines": 0, "excluded_lines": 0, "num_branches": 0, "num_partial_branches": 0, "covered_branches": 0, "missing_branches": 0}, "missing_lines": [], "excluded_lines": [], "executed_branches": [], "missing_branches": []}, "": {"executed_lines": [1, 109, 111, 112, 113, 115, 116, 118, 121, 122, 192, 209, 218, 227, 241, 249, 261, 269, 280, 290, 299, 313, 321, 332, 339, 350, 359, 374, 386, 395, 408, 423, 433, 444, 459, 469, 479, 488, 503, 512, 526, 542, 558, 566, 579, 595, 596, 599, 632, 633, 634, 635, 637, 640, 724, 727, 730, 732, 735, 736, 751, 775, 776, 777, 780, 808, 809, 812, 813, 815, 822, 823, 825, 830, 836, 837, 843, 847, 850], "summary": {"covered_lines": 77, "num_statements": 85, "percent_covered": 82.56880733944953, "percent_covered_display": "83", "missing_lines": 8, "excluded_lines": 0, "num_branches": 24, "num_partial_branches": 11, "covered_branches": 13, "missing_branches": 11}, "missing_lines": [748, 816, 824, 826, 831, 838, 844, 848], "excluded_lines": [], "executed_branches": [[632, 633], [632, 637], [634, 635], [812, 813], [815, 822], [822, 823], [823, 825], [825, 830], [830, 836], [836, 837], [837, 843], [843, 847], [847, 850]], "missing_branches": [[634, 637], [812, 815], [815, 816], [822, 836], [823, 824], [825, 826], [830, 831], [836, 843], [837, 838], [843, 844], [847, 848]]}}}, "src/obskit/core/__init__.py": {"executed_lines": [1, 95, 101, 109], "summary": {"covered_lines": 3, "num_statements": 3, "percent_covered": 100.0, "percent_covered_display": "100", "missing_lines": 0, "excluded_lines": 0, "num_branches": 0, "num_partial_branches": 0, "covered_branches": 0, "missing_branches": 0}, "missing_lines": [], "excluded_lines": [], "executed_branches": [], "missing_branches": [], "functions": {"": {"executed_lines": [1, 95, 101, 109], "summary": {"covered_lines": 3, "num_statements": 3, "percent_covered": 100.0, "percent_covered_display": "100", "missing_lines": 0, "excluded_lines": 0, "num_branches": 0, "num_partial_branches": 0, "covered_branches": 0, "missing_branches": 0}, "missing_lines": [], "excluded_lines": [], "executed_branches": [], "missing_branches": []}}, "classes": {"": {"executed_lines": [1, 95, 101, 109], "summary": {"covered_lines": 3, "num_statements": 3, "percent_covered": 100.0, "percent_covered_display": "100", "missing_lines": 0, "excluded_lines": 0, "num_branches": 0, "num_partial_branches": 0, "covered_branches": 0, "missing_branches": 0}, "missing_lines": [], "excluded_lines": [], "executed_branches": [], "missing_branches": []}}}, "src/obskit/core/context.py": {"executed_lines": [1, 138, 140, 141, 142, 143, 151, 162, 200, 203, 239, 247, 248, 317, 320, 322, 324, 327, 330, 331, 387, 390, 392, 394, 397, 405, 423, 426, 454, 455, 456, 457], "summary": {"covered_lines": 31, "num_statements": 31, "percent_covered": 100.0, "percent_covered_display": "100", "missing_lines": 0, "excluded_lines": 0, "num_branches": 2, "num_partial_branches": 0, "covered_branches": 2, "missing_branches": 0}, "missing_lines": [], "excluded_lines": [], "executed_branches": [[455, 456], [455, 457]], "missing_branches": [], "functions": {"get_correlation_id": {"executed_lines": [200], "summary": {"covered_lines": 1, "num_statements": 1, "percent_covered": 100.0, "percent_covered_display": "100", "missing_lines": 0, "excluded_lines": 0, "num_branches": 0, "num_partial_branches": 0, "covered_branches": 0, "missing_branches": 0}, "missing_lines": [], "excluded_lines": [], "executed_branches": [], "missing_branches": []}, "set_correlation_id": {"executed_lines": [239], "summary": {"covered_lines": 1, "num_statements": 1, "percent_covered": 100.0, "percent_covered_display": "100", "missing_lines": 0, "excluded_lines": 0, "num_branches": 0, "num_partial_branches": 0, "covered_branches": 0, "missing_branches": 0}, "missing_lines": [], "excluded_lines": [], "executed_branches": [], "missing_branches": []}, "correlation_context": {"executed_lines": [317, 320, 322, 324, 327], "summary": {"covered_lines": 5, "num_statements": 5, "percent_covered": 100.0, "percent_covered_display": "100", "missing_lines": 0, "excluded_lines": 0, "num_branches": 0, "num_partial_branches": 0, "covered_branches": 0, "missing_branches": 0}, "missing_lines": [], "excluded_lines": [], "executed_branches": [], "missing_branches": []}, "async_correlation_context": {"executed_lines": [387, 390, 392, 394, 397], "summary": {"covered_lines": 5, "num_statements": 5, "percent_covered": 100.0, "percent_covered_display": "100", "missing_lines": 0, "excluded_lines": 0, "num_branches": 0, "num_partial_branches": 0, "covered_branches": 0, "missing_branches": 0}, "missing_lines": [], "excluded_lines": [], "executed_branches": [], "missing_branches": []}, "generate_correlation_id": {"executed_lines": [423], "summary": {"covered_lines": 1, "num_statements": 1, "percent_covered": 100.0, "percent_covered_display": "100", "missing_lines": 0, "excluded_lines": 0, "num_branches": 0, "num_partial_branches": 0, "covered_branches": 0, "missing_branches": 0}, "missing_lines": [], "excluded_lines": [], "executed_branches": [], "missing_branches": []}, "ensure_correlation_id": {"executed_lines": [454, 455, 456, 457], "summary": {"covered_lines": 4, "num_statements": 4, "percent_covered": 100.0, "percent_covered_display": "100", "missing_lines": 0, "excluded_lines": 0, "num_branches": 2, "num_partial_branches": 0, "covered_branches": 2, "missing_branches": 0}, "missing_lines": [], "excluded_lines": [], "executed_branches": [[455, 456], [455, 457]], "missing_branches": []}, "": {"executed_lines": [1, 138, 140, 141, 142, 143, 151, 162, 203, 247, 248, 330, 331, 405, 426], "summary": {"covered_lines": 14, "num_statements": 14, "percent_covered": 100.0, "percent_covered_display": "100", "missing_lines": 0, "excluded_lines": 0, "num_branches": 0, "num_partial_branches": 0, "covered_branches": 0, "missing_branches": 0}, "missing_lines": [], "excluded_lines": [], "executed_branches": [], "missing_branches": []}}, "classes": {"": {"executed_lines": [1, 138, 140, 141, 142, 143, 151, 162, 200, 203, 239, 247, 248, 317, 320, 322, 324, 327, 330, 331, 387, 390, 392, 394, 397, 405, 423, 426, 454, 455, 456, 457], "summary": {"covered_lines": 31, "num_statements": 31, "percent_covered": 100.0, "percent_covered_display": "100", "missing_lines": 0, "excluded_lines": 0, "num_branches": 2, "num_partial_branches": 0, "covered_branches": 2, "missing_branches": 0}, "missing_lines": [], "excluded_lines": [], "executed_branches": [[455, 456], [455, 457]], "missing_branches": []}}}, "src/obskit/core/types.py": {"executed_lines": [1, 43, 45, 46, 56, 60, 64, 72, 73, 103, 104, 106, 107, 111, 119, 120, 164, 165, 176, 177, 189, 190, 201, 202, 210, 211, 237, 238, 240, 241, 243, 244, 246, 247, 249, 250, 254, 262, 263, 292, 293, 295, 296, 298, 299, 301, 302, 310, 311, 349, 350, 357, 358, 366, 367, 381, 382, 406, 407, 414, 415, 422, 423, 430, 431], "summary": {"covered_lines": 58, "num_statements": 58, "percent_covered": 100.0, "percent_covered_display": "100", "missing_lines": 0, "excluded_lines": 0, "num_branches": 0, "num_partial_branches": 0, "covered_branches": 0, "missing_branches": 0}, "missing_lines": [], "excluded_lines": [], "executed_branches": [], "missing_branches": [], "functions": {"": {"executed_lines": [1, 43, 45, 46, 56, 60, 64, 72, 73, 103, 104, 106, 107, 111, 119, 120, 164, 165, 176, 177, 189, 190, 201, 202, 210, 211, 237, 238, 240, 241, 243, 244, 246, 247, 249, 250, 254, 262, 263, 292, 293, 295, 296, 298, 299, 301, 302, 310, 311, 349, 350, 357, 358, 366, 367, 381, 382, 406, 407, 414, 415, 422, 423, 430, 431], "summary": {"covered_lines": 58, "num_statements": 58, "percent_covered": 100.0, "percent_covered_display": "100", "missing_lines": 0, "excluded_lines": 0, "num_branches": 0, "num_partial_branches": 0, "covered_branches": 0, "missing_branches": 0}, "missing_lines": [], "excluded_lines": [], "executed_branches": [], "missing_branches": []}}, "classes": {"Status": {"executed_lines": [], "summary": {"covered_lines": 0, "num_statements": 0, "percent_covered": 100.0, "percent_covered_display": "100", "missing_lines": 0, "excluded_lines": 0, "num_branches": 0, "num_partial_branches": 0, "covered_branches": 0, "missing_branches": 0}, "missing_lines": [], "excluded_lines": [], "executed_branches": [], "missing_branches": []}, "MetricsMethod": {"executed_lines": [], "summary": {"covered_lines": 0, "num_statements": 0, "percent_covered": 100.0, "percent_covered_display": "100", "missing_lines": 0, "excluded_lines": 0, "num_branches": 0, "num_partial_branches": 0, "covered_branches": 0, "missing_branches": 0}, "missing_lines": [], "excluded_lines": [], "executed_branches": [], "missing_branches": []}, "LogLevel": {"executed_lines": [], "summary": {"covered_lines": 0, "num_statements": 0, "percent_covered": 100.0, "percent_covered_display": "100", "missing_lines": 0, "excluded_lines": 0, "num_branches": 0, "num_partial_branches": 0, "covered_branches": 0, "missing_branches": 0}, "missing_lines": [], "excluded_lines": [], "executed_branches": [], "missing_branches": []}, "HealthStatus": {"executed_lines": [], "summary": {"covered_lines": 0, "num_statements": 0, "percent_covered": 100.0, "percent_covered_display": "100", "missing_lines": 0, "excluded_lines": 0, "num_branches": 0, "num_partial_branches": 0, "covered_branches": 0, "missing_branches": 0}, "missing_lines": [], "excluded_lines": [], "executed_branches": [], "missing_branches": []}, "CircuitState": {"executed_lines": [], "summary": {"covered_lines": 0, "num_statements": 0, "percent_covered": 100.0, "percent_covered_display": "100", "missing_lines": 0, "excluded_lines": 0, "num_branches": 0, "num_partial_branches": 0, "covered_branches": 0, "missing_branches": 0}, "missing_lines": [], "excluded_lines": [], "executed_branches": [], "missing_branches": []}, "SLOType": {"executed_lines": [], "summary": {"covered_lines": 0, "num_statements": 0, "percent_covered": 100.0, "percent_covered_display": "100", "missing_lines": 0, "excluded_lines": 0, "num_branches": 0, "num_partial_branches": 0, "covered_branches": 0, "missing_branches": 0}, "missing_lines": [], "excluded_lines": [], "executed_branches": [], "missing_branches": []}, "": {"executed_lines": [1, 43, 45, 46, 56, 60, 64, 72, 73, 103, 104, 106, 107, 111, 119, 120, 164, 165, 176, 177, 189, 190, 201, 202, 210, 211, 237, 238, 240, 241, 243, 244, 246, 247, 249, 250, 254, 262, 263, 292, 293, 295, 296, 298, 299, 301, 302, 310, 311, 349, 350, 357, 358, 366, 367, 381, 382, 406, 407, 414, 415, 422, 423, 430, 431], "summary": {"covered_lines": 58, "num_statements": 58, "percent_covered": 100.0, "percent_covered_display": "100", "missing_lines": 0, "excluded_lines": 0, "num_branches": 0, "num_partial_branches": 0, "covered_branches": 0, "missing_branches": 0}, "missing_lines": [], "excluded_lines": [], "executed_branches": [], "missing_branches": []}}}, "src/obskit/db/__init__.py": {"executed_lines": [1, 36, 38, 39, 41], "summary": {"covered_lines": 4, "num_statements": 4, "percent_covered": 100.0, "percent_covered_display": "100", "missing_lines": 0, "excluded_lines": 0, "num_branches": 0, "num_partial_branches": 0, "covered_branches": 0, "missing_branches": 0}, "missing_lines": [], "excluded_lines": [], "executed_branches": [], "missing_branches": [], "functions": {"": {"executed_lines": [1, 36, 38, 39, 41], "summary": {"covered_lines": 4, "num_statements": 4, "percent_covered": 100.0, "percent_covered_display": "100", "missing_lines": 0, "excluded_lines": 0, "num_branches": 0, "num_partial_branches": 0, "covered_branches": 0, "missing_branches": 0}, "missing_lines": [], "excluded_lines": [], "executed_branches": [], "missing_branches": []}}, "classes": {"": {"executed_lines": [1, 36, 38, 39, 41], "summary": {"covered_lines": 4, "num_statements": 4, "percent_covered": 100.0, "percent_covered_display": "100", "missing_lines": 0, "excluded_lines": 0, "num_branches": 0, "num_partial_branches": 0, "covered_branches": 0, "missing_branches": 0}, "missing_lines": [], "excluded_lines": [], "executed_branches": [], "missing_branches": []}}}, "src/obskit/db/sqlalchemy.py": {"executed_lines": [1, 9, 11, 13, 14, 16, 19, 48, 49, 129, 130, 136], "summary": {"covered_lines": 11, "num_statements": 36, "percent_covered": 26.19047619047619, "percent_covered_display": "26", "missing_lines": 25, "excluded_lines": 0, "num_branches": 6, "num_partial_branches": 0, "covered_branches": 0, "missing_branches": 6}, "missing_lines": [50, 52, 53, 57, 59, 61, 62, 71, 72, 74, 75, 84, 85, 86, 89, 95, 96, 103, 104, 106, 114, 115, 117, 118, 123], "excluded_lines": [], "executed_branches": [], "missing_branches": [[52, 53], [52, 59], [84, -74], [84, 85], [95, -74], [95, 96]], "functions": {"instrument_sqlalchemy": {"executed_lines": [48, 49, 129, 130], "summary": {"covered_lines": 4, "num_statements": 18, "percent_covered": 20.0, "percent_covered_display": "20", "missing_lines": 14, "excluded_lines": 0, "num_branches": 2, "num_partial_branches": 0, "covered_branches": 0, "missing_branches": 2}, "missing_lines": [50, 52, 53, 57, 59, 61, 62, 74, 75, 103, 104, 114, 115, 123], "excluded_lines": [], "executed_branches": [], "missing_branches": [[52, 53], [52, 59]]}, "instrument_sqlalchemy.before_cursor_execute": {"executed_lines": [], "summary": {"covered_lines": 0, "num_statements": 2, "percent_covered": 0.0, "percent_covered_display": "0", "missing_lines": 2, "excluded_lines": 0, "num_branches": 0, "num_partial_branches": 0, "covered_branches": 0, "missing_branches": 0}, "missing_lines": [71, 72], "excluded_lines": [], "executed_branches": [], "missing_branches": []}, "instrument_sqlalchemy.after_cursor_execute": {"executed_lines": [], "summary": {"covered_lines": 0, "num_statements": 6, "percent_covered": 0.0, "percent_covered_display": "0", "missing_lines": 6, "excluded_lines": 0, "num_branches": 4, "num_partial_branches": 0, "covered_branches": 0, "missing_branches": 4}, "missing_lines": [84, 85, 86, 89, 95, 96], "excluded_lines": [], "executed_branches": [], "missing_branches": [[84, -74], [84, 85], [95, -74], [95, 96]]}, "instrument_sqlalchemy.handle_error": {"executed_lines": [], "summary": {"covered_lines": 0, "num_statements": 1, "percent_covered": 0.0, "percent_covered_display": "0", "missing_lines": 1, "excluded_lines": 0, "num_branches": 0, "num_partial_branches": 0, "covered_branches": 0, "missing_branches": 0}, "missing_lines": [106], "excluded_lines": [], "executed_branches": [], "missing_branches": []}, "instrument_sqlalchemy.on_connect": {"executed_lines": [], "summary": {"covered_lines": 0, "num_statements": 2, "percent_covered": 0.0, "percent_covered_display": "0", "missing_lines": 2, "excluded_lines": 0, "num_branches": 0, "num_partial_branches": 0, "covered_branches": 0, "missing_branches": 0}, "missing_lines": [117, 118], "excluded_lines": [], "executed_branches": [], "missing_branches": []}, "": {"executed_lines": [1, 9, 11, 13, 14, 16, 19, 136], "summary": {"covered_lines": 7, "num_statements": 7, "percent_covered": 100.0, "percent_covered_display": "100", "missing_lines": 0, "excluded_lines": 0, "num_branches": 0, "num_partial_branches": 0, "covered_branches": 0, "missing_branches": 0}, "missing_lines": [], "excluded_lines": [], "executed_branches": [], "missing_branches": []}}, "classes": {"": {"executed_lines": [1, 9, 11, 13, 14, 16, 19, 48, 49, 129, 130, 136], "summary": {"covered_lines": 11, "num_statements": 36, "percent_covered": 26.19047619047619, "percent_covered_display": "26", "missing_lines": 25, "excluded_lines": 0, "num_branches": 6, "num_partial_branches": 0, "covered_branches": 0, "missing_branches": 6}, "missing_lines": [50, 52, 53, 57, 59, 61, 62, 71, 72, 74, 75, 84, 85, 86, 89, 95, 96, 103, 104, 106, 114, 115, 117, 118, 123], "excluded_lines": [], "executed_branches": [], "missing_branches": [[52, 53], [52, 59], [84, -74], [84, 85], [95, -74], [95, 96]]}}}, "src/obskit/db/tracker.py": {"executed_lines": [1, 8, 10, 11, 12, 14, 15, 17, 20, 21, 34, 43, 44, 46, 47, 72, 73, 75, 76, 83, 85, 86, 89, 96, 97, 106, 113, 114, 117, 124, 134, 137, 138, 168, 169, 170, 173], "summary": {"covered_lines": 35, "num_statements": 35, "percent_covered": 100.0, "percent_covered_display": "100", "missing_lines": 0, "excluded_lines": 0, "num_branches": 2, "num_partial_branches": 0, "covered_branches": 2, "missing_branches": 0}, "missing_lines": [], "excluded_lines": [], "executed_branches": [[96, 97], [96, 106]], "missing_branches": [], "functions": {"DatabaseTracker.__init__": {"executed_lines": [43, 44], "summary": {"covered_lines": 2, "num_statements": 2, "percent_covered": 100.0, "percent_covered_display": "100", "missing_lines": 0, "excluded_lines": 0, "num_branches": 0, "num_partial_branches": 0, "covered_branches": 0, "missing_branches": 0}, "missing_lines": [], "excluded_lines": [], "executed_branches": [], "missing_branches": []}, "DatabaseTracker.track_query": {"executed_lines": [72, 73, 75, 76, 83, 85, 86, 89, 96, 97, 106, 113, 114, 117, 124, 134], "summary": {"covered_lines": 16, "num_statements": 16, "percent_covered": 100.0, "percent_covered_display": "100", "missing_lines": 0, "excluded_lines": 0, "num_branches": 2, "num_partial_branches": 0, "covered_branches": 2, "missing_branches": 0}, "missing_lines": [], "excluded_lines": [], "executed_branches": [[96, 97], [96, 106]], "missing_branches": []}, "track_query": {"executed_lines": [168, 169, 170], "summary": {"covered_lines": 3, "num_statements": 3, "percent_covered": 100.0, "percent_covered_display": "100", "missing_lines": 0, "excluded_lines": 0, "num_branches": 0, "num_partial_branches": 0, "covered_branches": 0, "missing_branches": 0}, "missing_lines": [], "excluded_lines": [], "executed_branches": [], "missing_branches": []}, "": {"executed_lines": [1, 8, 10, 11, 12, 14, 15, 17, 20, 21, 34, 46, 47, 137, 138, 173], "summary": {"covered_lines": 14, "num_statements": 14, "percent_covered": 100.0, "percent_covered_display": "100", "missing_lines": 0, "excluded_lines": 0, "num_branches": 0, "num_partial_branches": 0, "covered_branches": 0, "missing_branches": 0}, "missing_lines": [], "excluded_lines": [], "executed_branches": [], "missing_branches": []}}, "classes": {"DatabaseTracker": {"executed_lines": [43, 44, 72, 73, 75, 76, 83, 85, 86, 89, 96, 97, 106, 113, 114, 117, 124, 134], "summary": {"covered_lines": 18, "num_statements": 18, "percent_covered": 100.0, "percent_covered_display": "100", "missing_lines": 0, "excluded_lines": 0, "num_branches": 2, "num_partial_branches": 0, "covered_branches": 2, "missing_branches": 0}, "missing_lines": [], "excluded_lines": [], "executed_branches": [[96, 97], [96, 106]], "missing_branches": []}, "": {"executed_lines": [1, 8, 10, 11, 12, 14, 15, 17, 20, 21, 34, 46, 47, 137, 138, 168, 169, 170, 173], "summary": {"covered_lines": 17, "num_statements": 17, "percent_covered": 100.0, "percent_covered_display": "100", "missing_lines": 0, "excluded_lines": 0, "num_branches": 0, "num_partial_branches": 0, "covered_branches": 0, "missing_branches": 0}, "missing_lines": [], "excluded_lines": [], "executed_branches": [], "missing_branches": []}}}, "src/obskit/decorators/__init__.py": {"executed_lines": [1, 225, 233], "summary": {"covered_lines": 2, "num_statements": 2, "percent_covered": 100.0, "percent_covered_display": "100", "missing_lines": 0, "excluded_lines": 0, "num_branches": 0, "num_partial_branches": 0, "covered_branches": 0, "missing_branches": 0}, "missing_lines": [], "excluded_lines": [], "executed_branches": [], "missing_branches": [], "functions": {"": {"executed_lines": [1, 225, 233], "summary": {"covered_lines": 2, "num_statements": 2, "percent_covered": 100.0, "percent_covered_display": "100", "missing_lines": 0, "excluded_lines": 0, "num_branches": 0, "num_partial_branches": 0, "covered_branches": 0, "missing_branches": 0}, "missing_lines": [], "excluded_lines": [], "executed_branches": [], "missing_branches": []}}, "classes": {"": {"executed_lines": [1, 225, 233], "summary": {"covered_lines": 2, "num_statements": 2, "percent_covered": 100.0, "percent_covered_display": "100", "missing_lines": 0, "excluded_lines": 0, "num_branches": 0, "num_partial_branches": 0, "covered_branches": 0, "missing_branches": 0}, "missing_lines": [], "excluded_lines": [], "executed_branches": [], "missing_branches": []}}}, "src/obskit/decorators/combined.py": {"executed_lines": [1, 59, 61, 62, 63, 64, 65, 67, 68, 69, 72, 73, 76, 79, 203, 206, 207, 209, 210, 215, 219, 220, 221, 222, 228, 231, 235, 240, 241, 248, 252, 257, 262, 273, 274, 275, 284, 292, 294, 298, 303, 313, 314, 315, 325, 339, 341, 343, 346, 399, 400, 401, 403, 404, 406, 407, 411, 414, 422, 424, 425, 428, 436, 437, 438, 444, 452, 454, 455, 458, 466, 467, 468, 475, 483, 485, 487, 491, 494, 553, 554, 555, 557, 558, 559, 562, 569, 571, 574, 580, 582, 584, 593, 595, 597, 600, 668, 669, 670, 672, 673, 675, 677, 679, 682, 683, 684, 690, 692, 694, 695, 696, 703, 705, 707, 715, 716, 723, 727, 732, 733], "summary": {"covered_lines": 119, "num_statements": 124, "percent_covered": 93.66197183098592, "percent_covered_display": "94", "missing_lines": 5, "excluded_lines": 0, "num_branches": 18, "num_partial_branches": 4, "covered_branches": 14, "missing_branches": 4}, "missing_lines": [408, 415, 725, 729, 740], "excluded_lines": [], "executed_branches": [[219, 220], [219, 221], [221, 222], [221, 228], [240, 241], [240, 248], [273, 274], [273, 284], [313, 314], [407, 411], [414, 422], [436, 437], [436, 444], [466, 467]], "missing_branches": [[313, 325], [407, 408], [414, 415], [466, 475]], "functions": {"with_observability": {"executed_lines": [203, 343], "summary": {"covered_lines": 2, "num_statements": 2, "percent_covered": 100.0, "percent_covered_display": "100", "missing_lines": 0, "excluded_lines": 0, "num_branches": 0, "num_partial_branches": 0, "covered_branches": 0, "missing_branches": 0}, "missing_lines": [], "excluded_lines": [], "executed_branches": [], "missing_branches": []}, "with_observability.decorator": {"executed_lines": [206, 207, 209, 210, 341], "summary": {"covered_lines": 5, "num_statements": 5, "percent_covered": 100.0, "percent_covered_display": "100", "missing_lines": 0, "excluded_lines": 0, "num_branches": 0, "num_partial_branches": 0, "covered_branches": 0, "missing_branches": 0}, "missing_lines": [], "excluded_lines": [], "executed_branches": [], "missing_branches": []}, "with_observability.decorator.wrapper": {"executed_lines": [215, 219, 220, 221, 222, 228, 231, 235, 240, 241, 248, 252, 257, 262, 273, 274, 275, 284, 292, 294, 298, 303, 313, 314, 315, 325, 339], "summary": {"covered_lines": 27, "num_statements": 27, "percent_covered": 97.29729729729729, "percent_covered_display": "97", "missing_lines": 0, "excluded_lines": 0, "num_branches": 10, "num_partial_branches": 1, "covered_branches": 9, "missing_branches": 1}, "missing_lines": [], "excluded_lines": [], "executed_branches": [[219, 220], [219, 221], [221, 222], [221, 228], [240, 241], [240, 248], [273, 274], [273, 284], [313, 314]], "missing_branches": [[313, 325]]}, "with_observability_sync": {"executed_lines": [399, 487], "summary": {"covered_lines": 2, "num_statements": 2, "percent_covered": 100.0, "percent_covered_display": "100", "missing_lines": 0, "excluded_lines": 0, "num_branches": 0, "num_partial_branches": 0, "covered_branches": 0, "missing_branches": 0}, "missing_lines": [], "excluded_lines": [], "executed_branches": [], "missing_branches": []}, "with_observability_sync.decorator": {"executed_lines": [400, 401, 403, 404, 485], "summary": {"covered_lines": 5, "num_statements": 5, "percent_covered": 100.0, "percent_covered_display": "100", "missing_lines": 0, "excluded_lines": 0, "num_branches": 0, "num_partial_branches": 0, "covered_branches": 0, "missing_branches": 0}, "missing_lines": [], "excluded_lines": [], "executed_branches": [], "missing_branches": []}, "with_observability_sync.decorator.wrapper": {"executed_lines": [406, 407, 411, 414, 422, 424, 425, 428, 436, 437, 438, 444, 452, 454, 455, 458, 466, 467, 468, 475, 483], "summary": {"covered_lines": 21, "num_statements": 23, "percent_covered": 83.87096774193549, "percent_covered_display": "84", "missing_lines": 2, "excluded_lines": 0, "num_branches": 8, "num_partial_branches": 3, "covered_branches": 5, "missing_branches": 3}, "missing_lines": [408, 415], "excluded_lines": [], "executed_branches": [[407, 411], [414, 422], [436, 437], [436, 444], [466, 467]], "missing_branches": [[407, 408], [414, 415], [466, 475]]}, "track_operation": {"executed_lines": [553, 597], "summary": {"covered_lines": 2, "num_statements": 2, "percent_covered": 100.0, "percent_covered_display": "100", "missing_lines": 0, "excluded_lines": 0, "num_branches": 0, "num_partial_branches": 0, "covered_branches": 0, "missing_branches": 0}, "missing_lines": [], "excluded_lines": [], "executed_branches": [], "missing_branches": []}, "track_operation.decorator": {"executed_lines": [554, 555, 557, 558, 595], "summary": {"covered_lines": 5, "num_statements": 5, "percent_covered": 100.0, "percent_covered_display": "100", "missing_lines": 0, "excluded_lines": 0, "num_branches": 0, "num_partial_branches": 0, "covered_branches": 0, "missing_branches": 0}, "missing_lines": [], "excluded_lines": [], "executed_branches": [], "missing_branches": []}, "track_operation.decorator.wrapper": {"executed_lines": [559, 562, 569, 571, 574, 580, 582, 584, 593], "summary": {"covered_lines": 9, "num_statements": 9, "percent_covered": 100.0, "percent_covered_display": "100", "missing_lines": 0, "excluded_lines": 0, "num_branches": 0, "num_partial_branches": 0, "covered_branches": 0, "missing_branches": 0}, "missing_lines": [], "excluded_lines": [], "executed_branches": [], "missing_branches": []}, "track_metrics_only": {"executed_lines": [668, 707], "summary": {"covered_lines": 2, "num_statements": 2, "percent_covered": 100.0, "percent_covered_display": "100", "missing_lines": 0, "excluded_lines": 0, "num_branches": 0, "num_partial_branches": 0, "covered_branches": 0, "missing_branches": 0}, "missing_lines": [], "excluded_lines": [], "executed_branches": [], "missing_branches": []}, "track_metrics_only.decorator": {"executed_lines": [669, 670, 672, 673, 705], "summary": {"covered_lines": 5, "num_statements": 5, "percent_covered": 100.0, "percent_covered_display": "100", "missing_lines": 0, "excluded_lines": 0, "num_branches": 0, "num_partial_branches": 0, "covered_branches": 0, "missing_branches": 0}, "missing_lines": [], "excluded_lines": [], "executed_branches": [], "missing_branches": []}, "track_metrics_only.decorator.wrapper": {"executed_lines": [675, 677, 679, 682, 683, 684, 690, 692, 694, 695, 696, 703], "summary": {"covered_lines": 12, "num_statements": 12, "percent_covered": 100.0, "percent_covered_display": "100", "missing_lines": 0, "excluded_lines": 0, "num_branches": 0, "num_partial_branches": 0, "covered_branches": 0, "missing_branches": 0}, "missing_lines": [], "excluded_lines": [], "executed_branches": [], "missing_branches": []}, "_AsyncNullContext.__aenter__": {"executed_lines": [], "summary": {"covered_lines": 0, "num_statements": 1, "percent_covered": 0.0, "percent_covered_display": "0", "missing_lines": 1, "excluded_lines": 0, "num_branches": 0, "num_partial_branches": 0, "covered_branches": 0, "missing_branches": 0}, "missing_lines": [725], "excluded_lines": [], "executed_branches": [], "missing_branches": []}, "_AsyncNullContext.__aexit__": {"executed_lines": [], "summary": {"covered_lines": 0, "num_statements": 1, "percent_covered": 0.0, "percent_covered_display": "0", "missing_lines": 1, "excluded_lines": 0, "num_branches": 0, "num_partial_branches": 0, "covered_branches": 0, "missing_branches": 0}, "missing_lines": [729], "excluded_lines": [], "executed_branches": [], "missing_branches": []}, "_async_null_context": {"executed_lines": [], "summary": {"covered_lines": 0, "num_statements": 1, "percent_covered": 0.0, "percent_covered_display": "0", "missing_lines": 1, "excluded_lines": 0, "num_branches": 0, "num_partial_branches": 0, "covered_branches": 0, "missing_branches": 0}, "missing_lines": [740], "excluded_lines": [], "executed_branches": [], "missing_branches": []}, "": {"executed_lines": [1, 59, 61, 62, 63, 64, 65, 67, 68, 69, 72, 73, 76, 79, 346, 491, 494, 600, 715, 716, 723, 727, 732, 733], "summary": {"covered_lines": 22, "num_statements": 22, "percent_covered": 100.0, "percent_covered_display": "100", "missing_lines": 0, "excluded_lines": 0, "num_branches": 0, "num_partial_branches": 0, "covered_branches": 0, "missing_branches": 0}, "missing_lines": [], "excluded_lines": [], "executed_branches": [], "missing_branches": []}}, "classes": {"_AsyncNullContext": {"executed_lines": [], "summary": {"covered_lines": 0, "num_statements": 2, "percent_covered": 0.0, "percent_covered_display": "0", "missing_lines": 2, "excluded_lines": 0, "num_branches": 0, "num_partial_branches": 0, "covered_branches": 0, "missing_branches": 0}, "missing_lines": [725, 729], "excluded_lines": [], "executed_branches": [], "missing_branches": []}, "": {"executed_lines": [1, 59, 61, 62, 63, 64, 65, 67, 68, 69, 72, 73, 76, 79, 203, 206, 207, 209, 210, 215, 219, 220, 221, 222, 228, 231, 235, 240, 241, 248, 252, 257, 262, 273, 274, 275, 284, 292, 294, 298, 303, 313, 314, 315, 325, 339, 341, 343, 346, 399, 400, 401, 403, 404, 406, 407, 411, 414, 422, 424, 425, 428, 436, 437, 438, 444, 452, 454, 455, 458, 466, 467, 468, 475, 483, 485, 487, 491, 494, 553, 554, 555, 557, 558, 559, 562, 569, 571, 574, 580, 582, 584, 593, 595, 597, 600, 668, 669, 670, 672, 673, 675, 677, 679, 682, 683, 684, 690, 692, 694, 695, 696, 703, 705, 707, 715, 716, 723, 727, 732, 733], "summary": {"covered_lines": 119, "num_statements": 122, "percent_covered": 95.0, "percent_covered_display": "95", "missing_lines": 3, "excluded_lines": 0, "num_branches": 18, "num_partial_branches": 4, "covered_branches": 14, "missing_branches": 4}, "missing_lines": [408, 415, 740], "excluded_lines": [], "executed_branches": [[219, 220], [219, 221], [221, 222], [221, 228], [240, 241], [240, 248], [273, 274], [273, 284], [313, 314], [407, 411], [414, 422], [436, 437], [436, 444], [466, 467]], "missing_branches": [[313, 325], [407, 408], [414, 415], [466, 475]]}}}, "src/obskit/health/__init__.py": {"executed_lines": [1, 174, 184], "summary": {"covered_lines": 2, "num_statements": 2, "percent_covered": 100.0, "percent_covered_display": "100", "missing_lines": 0, "excluded_lines": 0, "num_branches": 0, "num_partial_branches": 0, "covered_branches": 0, "missing_branches": 0}, "missing_lines": [], "excluded_lines": [], "executed_branches": [], "missing_branches": [], "functions": {"": {"executed_lines": [1, 174, 184], "summary": {"covered_lines": 2, "num_statements": 2, "percent_covered": 100.0, "percent_covered_display": "100", "missing_lines": 0, "excluded_lines": 0, "num_branches": 0, "num_partial_branches": 0, "covered_branches": 0, "missing_branches": 0}, "missing_lines": [], "excluded_lines": [], "executed_branches": [], "missing_branches": []}}, "classes": {"": {"executed_lines": [1, 174, 184], "summary": {"covered_lines": 2, "num_statements": 2, "percent_covered": 100.0, "percent_covered_display": "100", "missing_lines": 0, "excluded_lines": 0, "num_branches": 0, "num_partial_branches": 0, "covered_branches": 0, "missing_branches": 0}, "missing_lines": [], "excluded_lines": [], "executed_branches": [], "missing_branches": []}}}, "src/obskit/health/checker.py": {"executed_lines": [1, 46, 48, 49, 50, 51, 52, 53, 54, 56, 57, 61, 64, 65, 66, 85, 86, 87, 88, 89, 90, 92, 93, 97, 112, 113, 114, 142, 143, 144, 145, 146, 147, 149, 173, 185, 186, 187, 202, 203, 204, 205, 209, 210, 213, 214, 296, 306, 308, 309, 310, 312, 353, 354, 360, 361, 363, 365, 408, 409, 415, 416, 418, 420, 434, 436, 438, 443, 446, 447, 469, 470, 471, 478, 479, 480, 487, 504, 508, 509, 511, 513, 533, 536, 539, 545, 551, 552, 553, 554, 558, 559, 561, 569, 589, 590, 592, 612, 622, 623, 625, 644, 645, 646, 649, 682, 685, 686, 689, 707, 710, 711], "summary": {"covered_lines": 107, "num_statements": 132, "percent_covered": 73.37662337662337, "percent_covered_display": "73", "missing_lines": 25, "excluded_lines": 0, "num_branches": 22, "num_partial_branches": 4, "covered_branches": 6, "missing_branches": 16}, "missing_lines": [95, 99, 103, 104, 105, 106, 107, 108, 109, 164, 182, 452, 453, 463, 505, 555, 556, 613, 614, 676, 699, 700, 701, 702, 704], "excluded_lines": [], "executed_branches": [[446, 447], [504, 508], [551, 552], [551, 554], [554, 558], [612, 622]], "missing_branches": [[103, 104], [103, 105], [105, 106], [105, 107], [107, 108], [107, 109], [446, 452], [452, 453], [452, 463], [504, 505], [554, 555], [612, 613], [699, 700], [699, 704], [701, 702], [701, 704]], "functions": {"CheckResult.status": {"executed_lines": [], "summary": {"covered_lines": 0, "num_statements": 1, "percent_covered": 0.0, "percent_covered_display": "0", "missing_lines": 1, "excluded_lines": 0, "num_branches": 0, "num_partial_branches": 0, "covered_branches": 0, "missing_branches": 0}, "missing_lines": [95], "excluded_lines": [], "executed_branches": [], "missing_branches": []}, "CheckResult.to_dict": {"executed_lines": [], "summary": {"covered_lines": 0, "num_statements": 8, "percent_covered": 0.0, "percent_covered_display": "0", "missing_lines": 8, "excluded_lines": 0, "num_branches": 6, "num_partial_branches": 0, "covered_branches": 0, "missing_branches": 6}, "missing_lines": [99, 103, 104, 105, 106, 107, 108, 109], "excluded_lines": [], "executed_branches": [], "missing_branches": [[103, 104], [103, 105], [105, 106], [105, 107], [107, 108], [107, 109]]}, "HealthResult.to_dict": {"executed_lines": [], "summary": {"covered_lines": 0, "num_statements": 1, "percent_covered": 0.0, "percent_covered_display": "0", "missing_lines": 1, "excluded_lines": 0, "num_branches": 0, "num_partial_branches": 0, "covered_branches": 0, "missing_branches": 0}, "missing_lines": [164], "excluded_lines": [], "executed_branches": [], "missing_branches": []}, "HealthResult.to_json": {"executed_lines": [], "summary": {"covered_lines": 0, "num_statements": 1, "percent_covered": 0.0, "percent_covered_display": "0", "missing_lines": 1, "excluded_lines": 0, "num_branches": 0, "num_partial_branches": 0, "covered_branches": 0, "missing_branches": 0}, "missing_lines": [182], "excluded_lines": [], "executed_branches": [], "missing_branches": []}, "HealthChecker.__init__": {"executed_lines": [306, 308, 309, 310], "summary": {"covered_lines": 4, "num_statements": 4, "percent_covered": 100.0, "percent_covered_display": "100", "missing_lines": 0, "excluded_lines": 0, "num_branches": 0, "num_partial_branches": 0, "covered_branches": 0, "missing_branches": 0}, "missing_lines": [], "excluded_lines": [], "executed_branches": [], "missing_branches": []}, "HealthChecker.add_readiness_check": {"executed_lines": [353, 363], "summary": {"covered_lines": 2, "num_statements": 2, "percent_covered": 100.0, "percent_covered_display": "100", "missing_lines": 0, "excluded_lines": 0, "num_branches": 0, "num_partial_branches": 0, "covered_branches": 0, "missing_branches": 0}, "missing_lines": [], "excluded_lines": [], "executed_branches": [], "missing_branches": []}, "HealthChecker.add_readiness_check.decorator": {"executed_lines": [354, 360, 361], "summary": {"covered_lines": 3, "num_statements": 3, "percent_covered": 100.0, "percent_covered_display": "100", "missing_lines": 0, "excluded_lines": 0, "num_branches": 0, "num_partial_branches": 0, "covered_branches": 0, "missing_branches": 0}, "missing_lines": [], "excluded_lines": [], "executed_branches": [], "missing_branches": []}, "HealthChecker.add_liveness_check": {"executed_lines": [408, 418], "summary": {"covered_lines": 2, "num_statements": 2, "percent_covered": 100.0, "percent_covered_display": "100", "missing_lines": 0, "excluded_lines": 0, "num_branches": 0, "num_partial_branches": 0, "covered_branches": 0, "missing_branches": 0}, "missing_lines": [], "excluded_lines": [], "executed_branches": [], "missing_branches": []}, "HealthChecker.add_liveness_check.decorator": {"executed_lines": [409, 415, 416], "summary": {"covered_lines": 3, "num_statements": 3, "percent_covered": 100.0, "percent_covered_display": "100", "missing_lines": 0, "excluded_lines": 0, "num_branches": 0, "num_partial_branches": 0, "covered_branches": 0, "missing_branches": 0}, "missing_lines": [], "excluded_lines": [], "executed_branches": [], "missing_branches": []}, "HealthChecker._run_check": {"executed_lines": [434, 436, 438, 443, 446, 447, 469, 470, 471, 478, 479, 480], "summary": {"covered_lines": 12, "num_statements": 15, "percent_covered": 68.42105263157895, "percent_covered_display": "68", "missing_lines": 3, "excluded_lines": 0, "num_branches": 4, "num_partial_branches": 1, "covered_branches": 1, "missing_branches": 3}, "missing_lines": [452, 453, 463], "excluded_lines": [], "executed_branches": [[446, 447]], "missing_branches": [[446, 452], [452, 453], [452, 463]]}, "HealthChecker._run_checks": {"executed_lines": [504, 508, 509, 511], "summary": {"covered_lines": 4, "num_statements": 5, "percent_covered": 71.42857142857143, "percent_covered_display": "71", "missing_lines": 1, "excluded_lines": 0, "num_branches": 2, "num_partial_branches": 1, "covered_branches": 1, "missing_branches": 1}, "missing_lines": [505], "excluded_lines": [], "executed_branches": [[504, 508]], "missing_branches": [[504, 505]]}, "HealthChecker._aggregate_results": {"executed_lines": [533, 536, 539, 545, 551, 552, 553, 554, 558, 559, 561], "summary": {"covered_lines": 11, "num_statements": 13, "percent_covered": 82.3529411764706, "percent_covered_display": "82", "missing_lines": 2, "excluded_lines": 0, "num_branches": 4, "num_partial_branches": 1, "covered_branches": 3, "missing_branches": 1}, "missing_lines": [555, 556], "excluded_lines": [], "executed_branches": [[551, 552], [551, 554], [554, 558]], "missing_branches": [[554, 555]]}, "HealthChecker.check_readiness": {"executed_lines": [589, 590], "summary": {"covered_lines": 2, "num_statements": 2, "percent_covered": 100.0, "percent_covered_display": "100", "missing_lines": 0, "excluded_lines": 0, "num_branches": 0, "num_partial_branches": 0, "covered_branches": 0, "missing_branches": 0}, "missing_lines": [], "excluded_lines": [], "executed_branches": [], "missing_branches": []}, "HealthChecker.check_liveness": {"executed_lines": [612, 622, 623], "summary": {"covered_lines": 3, "num_statements": 5, "percent_covered": 57.142857142857146, "percent_covered_display": "57", "missing_lines": 2, "excluded_lines": 0, "num_branches": 2, "num_partial_branches": 1, "covered_branches": 1, "missing_branches": 1}, "missing_lines": [613, 614], "excluded_lines": [], "executed_branches": [[612, 622]], "missing_branches": [[612, 613]]}, "HealthChecker.check_health": {"executed_lines": [644, 645, 646], "summary": {"covered_lines": 3, "num_statements": 3, "percent_covered": 100.0, "percent_covered_display": "100", "missing_lines": 0, "excluded_lines": 0, "num_branches": 0, "num_partial_branches": 0, "covered_branches": 0, "missing_branches": 0}, "missing_lines": [], "excluded_lines": [], "executed_branches": [], "missing_branches": []}, "create_health_response": {"executed_lines": [], "summary": {"covered_lines": 0, "num_statements": 1, "percent_covered": 0.0, "percent_covered_display": "0", "missing_lines": 1, "excluded_lines": 0, "num_branches": 0, "num_partial_branches": 0, "covered_branches": 0, "missing_branches": 0}, "missing_lines": [676], "excluded_lines": [], "executed_branches": [], "missing_branches": []}, "get_health_checker": {"executed_lines": [], "summary": {"covered_lines": 0, "num_statements": 5, "percent_covered": 0.0, "percent_covered_display": "0", "missing_lines": 5, "excluded_lines": 0, "num_branches": 4, "num_partial_branches": 0, "covered_branches": 0, "missing_branches": 4}, "missing_lines": [699, 700, 701, 702, 704], "excluded_lines": [], "executed_branches": [], "missing_branches": [[699, 700], [699, 704], [701, 702], [701, 704]]}, "reset_health_checker": {"executed_lines": [710, 711], "summary": {"covered_lines": 2, "num_statements": 2, "percent_covered": 100.0, "percent_covered_display": "100", "missing_lines": 0, "excluded_lines": 0, "num_branches": 0, "num_partial_branches": 0, "covered_branches": 0, "missing_branches": 0}, "missing_lines": [], "excluded_lines": [], "executed_branches": [], "missing_branches": []}, "": {"executed_lines": [1, 46, 48, 49, 50, 51, 52, 53, 54, 56, 57, 61, 64, 65, 66, 85, 86, 87, 88, 89, 90, 92, 93, 97, 112, 113, 114, 142, 143, 144, 145, 146, 147, 149, 173, 185, 186, 187, 202, 203, 204, 205, 209, 210, 213, 214, 296, 312, 365, 420, 487, 513, 569, 592, 625, 649, 682, 685, 686, 689, 707], "summary": {"covered_lines": 56, "num_statements": 56, "percent_covered": 100.0, "percent_covered_display": "100", "missing_lines": 0, "excluded_lines": 0, "num_branches": 0, "num_partial_branches": 0, "covered_branches": 0, "missing_branches": 0}, "missing_lines": [], "excluded_lines": [], "executed_branches": [], "missing_branches": []}}, "classes": {"CheckResult": {"executed_lines": [], "summary": {"covered_lines": 0, "num_statements": 9, "percent_covered": 0.0, "percent_covered_display": "0", "missing_lines": 9, "excluded_lines": 0, "num_branches": 6, "num_partial_branches": 0, "covered_branches": 0, "missing_branches": 6}, "missing_lines": [95, 99, 103, 104, 105, 106, 107, 108, 109], "excluded_lines": [], "executed_branches": [], "missing_branches": [[103, 104], [103, 105], [105, 106], [105, 107], [107, 108], [107, 109]]}, "HealthResult": {"executed_lines": [], "summary": {"covered_lines": 0, "num_statements": 2, "percent_covered": 0.0, "percent_covered_display": "0", "missing_lines": 2, "excluded_lines": 0, "num_branches": 0, "num_partial_branches": 0, "covered_branches": 0, "missing_branches": 0}, "missing_lines": [164, 182], "excluded_lines": [], "executed_branches": [], "missing_branches": []}, "HealthCheck": {"executed_lines": [], "summary": {"covered_lines": 0, "num_statements": 0, "percent_covered": 100.0, "percent_covered_display": "100", "missing_lines": 0, "excluded_lines": 0, "num_branches": 0, "num_partial_branches": 0, "covered_branches": 0, "missing_branches": 0}, "missing_lines": [], "excluded_lines": [], "executed_branches": [], "missing_branches": []}, "HealthChecker": {"executed_lines": [306, 308, 309, 310, 353, 354, 360, 361, 363, 408, 409, 415, 416, 418, 434, 436, 438, 443, 446, 447, 469, 470, 471, 478, 479, 480, 504, 508, 509, 511, 533, 536, 539, 545, 551, 552, 553, 554, 558, 559, 561, 589, 590, 612, 622, 623, 644, 645, 646], "summary": {"covered_lines": 49, "num_statements": 57, "percent_covered": 79.71014492753623, "percent_covered_display": "80", "missing_lines": 8, "excluded_lines": 0, "num_branches": 12, "num_partial_branches": 4, "covered_branches": 6, "missing_branches": 6}, "missing_lines": [452, 453, 463, 505, 555, 556, 613, 614], "excluded_lines": [], "executed_branches": [[446, 447], [504, 508], [551, 552], [551, 554], [554, 558], [612, 622]], "missing_branches": [[446, 452], [452, 453], [452, 463], [504, 505], [554, 555], [612, 613]]}, "": {"executed_lines": [1, 46, 48, 49, 50, 51, 52, 53, 54, 56, 57, 61, 64, 65, 66, 85, 86, 87, 88, 89, 90, 92, 93, 97, 112, 113, 114, 142, 143, 144, 145, 146, 147, 149, 173, 185, 186, 187, 202, 203, 204, 205, 209, 210, 213, 214, 296, 312, 365, 420, 487, 513, 569, 592, 625, 649, 682, 685, 686, 689, 707, 710, 711], "summary": {"covered_lines": 58, "num_statements": 64, "percent_covered": 85.29411764705883, "percent_covered_display": "85", "missing_lines": 6, "excluded_lines": 0, "num_branches": 4, "num_partial_branches": 0, "covered_branches": 0, "missing_branches": 4}, "missing_lines": [676, 699, 700, 701, 702, 704], "excluded_lines": [], "executed_branches": [], "missing_branches": [[699, 700], [699, 704], [701, 702], [701, 704]]}}}, "src/obskit/interfaces/__init__.py": {"executed_lines": [1, 50, 51, 52, 53, 54, 56], "summary": {"covered_lines": 6, "num_statements": 6, "percent_covered": 100.0, "percent_covered_display": "100", "missing_lines": 0, "excluded_lines": 0, "num_branches": 0, "num_partial_branches": 0, "covered_branches": 0, "missing_branches": 0}, "missing_lines": [], "excluded_lines": [], "executed_branches": [], "missing_branches": [], "functions": {"": {"executed_lines": [1, 50, 51, 52, 53, 54, 56], "summary": {"covered_lines": 6, "num_statements": 6, "percent_covered": 100.0, "percent_covered_display": "100", "missing_lines": 0, "excluded_lines": 0, "num_branches": 0, "num_partial_branches": 0, "covered_branches": 0, "missing_branches": 0}, "missing_lines": [], "excluded_lines": [], "executed_branches": [], "missing_branches": []}}, "classes": {"": {"executed_lines": [1, 50, 51, 52, 53, 54, 56], "summary": {"covered_lines": 6, "num_statements": 6, "percent_covered": 100.0, "percent_covered_display": "100", "missing_lines": 0, "excluded_lines": 0, "num_branches": 0, "num_partial_branches": 0, "covered_branches": 0, "missing_branches": 0}, "missing_lines": [], "excluded_lines": [], "executed_branches": [], "missing_branches": []}}}, "src/obskit/interfaces/circuit_breaker.py": {"executed_lines": [1, 8, 10, 11, 12, 14, 18, 19, 21, 22, 23, 26, 27, 62, 63, 64, 67, 68, 69, 72, 73, 74, 77, 78, 82, 83, 87, 88, 92, 93, 108, 109, 135, 136, 143, 144], "summary": {"covered_lines": 15, "num_statements": 18, "percent_covered": 83.33333333333333, "percent_covered_display": "83", "missing_lines": 3, "excluded_lines": 72, "num_branches": 0, "num_partial_branches": 0, "covered_branches": 0, "missing_branches": 0}, "missing_lines": [80, 85, 90], "excluded_lines": [14, 15, 62, 63, 64, 65, 67, 68, 69, 70, 72, 73, 74, 75, 92, 93, 94, 95, 96, 97, 98, 99, 100, 101, 102, 103, 104, 105, 106, 108, 109, 110, 111, 112, 113, 114, 115, 116, 117, 118, 119, 120, 121, 122, 123, 124, 125, 126, 127, 128, 129, 130, 131, 132, 133, 135, 136, 137, 138, 139, 140, 141, 143, 144, 145, 146, 147, 148, 149, 150, 151, 152], "executed_branches": [], "missing_branches": [], "functions": {"CircuitBreakerInterface.name": {"executed_lines": [], "summary": {"covered_lines": 0, "num_statements": 0, "percent_covered": 100.0, "percent_covered_display": "100", "missing_lines": 0, "excluded_lines": 1, "num_branches": 0, "num_partial_branches": 0, "covered_branches": 0, "missing_branches": 0}, "missing_lines": [], "excluded_lines": [65], "executed_branches": [], "missing_branches": []}, "CircuitBreakerInterface.state": {"executed_lines": [], "summary": {"covered_lines": 0, "num_statements": 0, "percent_covered": 100.0, "percent_covered_display": "100", "missing_lines": 0, "excluded_lines": 1, "num_branches": 0, "num_partial_branches": 0, "covered_branches": 0, "missing_branches": 0}, "missing_lines": [], "excluded_lines": [70], "executed_branches": [], "missing_branches": []}, "CircuitBreakerInterface.failure_count": {"executed_lines": [], "summary": {"covered_lines": 0, "num_statements": 0, "percent_covered": 100.0, "percent_covered_display": "100", "missing_lines": 0, "excluded_lines": 1, "num_branches": 0, "num_partial_branches": 0, "covered_branches": 0, "missing_branches": 0}, "missing_lines": [], "excluded_lines": [75], "executed_branches": [], "missing_branches": []}, "CircuitBreakerInterface.is_closed": {"executed_lines": [], "summary": {"covered_lines": 0, "num_statements": 1, "percent_covered": 0.0, "percent_covered_display": "0", "missing_lines": 1, "excluded_lines": 0, "num_branches": 0, "num_partial_branches": 0, "covered_branches": 0, "missing_branches": 0}, "missing_lines": [80], "excluded_lines": [], "executed_branches": [], "missing_branches": []}, "CircuitBreakerInterface.is_open": {"executed_lines": [], "summary": {"covered_lines": 0, "num_statements": 1, "percent_covered": 0.0, "percent_covered_display": "0", "missing_lines": 1, "excluded_lines": 0, "num_branches": 0, "num_partial_branches": 0, "covered_branches": 0, "missing_branches": 0}, "missing_lines": [85], "excluded_lines": [], "executed_branches": [], "missing_branches": []}, "CircuitBreakerInterface.is_half_open": {"executed_lines": [], "summary": {"covered_lines": 0, "num_statements": 1, "percent_covered": 0.0, "percent_covered_display": "0", "missing_lines": 1, "excluded_lines": 0, "num_branches": 0, "num_partial_branches": 0, "covered_branches": 0, "missing_branches": 0}, "missing_lines": [90], "excluded_lines": [], "executed_branches": [], "missing_branches": []}, "CircuitBreakerInterface.__aenter__": {"executed_lines": [], "summary": {"covered_lines": 0, "num_statements": 0, "percent_covered": 100.0, "percent_covered_display": "100", "missing_lines": 0, "excluded_lines": 13, "num_branches": 0, "num_partial_branches": 0, "covered_branches": 0, "missing_branches": 0}, "missing_lines": [], "excluded_lines": [94, 95, 96, 97, 98, 99, 100, 101, 102, 103, 104, 105, 106], "executed_branches": [], "missing_branches": []}, "CircuitBreakerInterface.__aexit__": {"executed_lines": [], "summary": {"covered_lines": 0, "num_statements": 0, "percent_covered": 100.0, "percent_covered_display": "100", "missing_lines": 0, "excluded_lines": 19, "num_branches": 0, "num_partial_branches": 0, "covered_branches": 0, "missing_branches": 0}, "missing_lines": [], "excluded_lines": [115, 116, 117, 118, 119, 120, 121, 122, 123, 124, 125, 126, 127, 128, 129, 130, 131, 132, 133], "executed_branches": [], "missing_branches": []}, "CircuitBreakerInterface.reset": {"executed_lines": [], "summary": {"covered_lines": 0, "num_statements": 0, "percent_covered": 100.0, "percent_covered_display": "100", "missing_lines": 0, "excluded_lines": 5, "num_branches": 0, "num_partial_branches": 0, "covered_branches": 0, "missing_branches": 0}, "missing_lines": [], "excluded_lines": [137, 138, 139, 140, 141], "executed_branches": [], "missing_branches": []}, "CircuitBreakerInterface.get_stats": {"executed_lines": [], "summary": {"covered_lines": 0, "num_statements": 0, "percent_covered": 100.0, "percent_covered_display": "100", "missing_lines": 0, "excluded_lines": 8, "num_branches": 0, "num_partial_branches": 0, "covered_branches": 0, "missing_branches": 0}, "missing_lines": [], "excluded_lines": [145, 146, 147, 148, 149, 150, 151, 152], "executed_branches": [], "missing_branches": []}, "": {"executed_lines": [1, 8, 10, 11, 12, 14, 18, 19, 21, 22, 23, 26, 27, 62, 63, 64, 67, 68, 69, 72, 73, 74, 77, 78, 82, 83, 87, 88, 92, 93, 108, 109, 135, 136, 143, 144], "summary": {"covered_lines": 15, "num_statements": 15, "percent_covered": 100.0, "percent_covered_display": "100", "missing_lines": 0, "excluded_lines": 24, "num_branches": 0, "num_partial_branches": 0, "covered_branches": 0, "missing_branches": 0}, "missing_lines": [], "excluded_lines": [14, 15, 62, 63, 64, 67, 68, 69, 72, 73, 74, 92, 93, 108, 109, 110, 111, 112, 113, 114, 135, 136, 143, 144], "executed_branches": [], "missing_branches": []}}, "classes": {"CircuitState": {"executed_lines": [], "summary": {"covered_lines": 0, "num_statements": 0, "percent_covered": 100.0, "percent_covered_display": "100", "missing_lines": 0, "excluded_lines": 0, "num_branches": 0, "num_partial_branches": 0, "covered_branches": 0, "missing_branches": 0}, "missing_lines": [], "excluded_lines": [], "executed_branches": [], "missing_branches": []}, "CircuitBreakerInterface": {"executed_lines": [], "summary": {"covered_lines": 0, "num_statements": 3, "percent_covered": 0.0, "percent_covered_display": "0", "missing_lines": 3, "excluded_lines": 48, "num_branches": 0, "num_partial_branches": 0, "covered_branches": 0, "missing_branches": 0}, "missing_lines": [80, 85, 90], "excluded_lines": [65, 70, 75, 94, 95, 96, 97, 98, 99, 100, 101, 102, 103, 104, 105, 106, 115, 116, 117, 118, 119, 120, 121, 122, 123, 124, 125, 126, 127, 128, 129, 130, 131, 132, 133, 137, 138, 139, 140, 141, 145, 146, 147, 148, 149, 150, 151, 152], "executed_branches": [], "missing_branches": []}, "": {"executed_lines": [1, 8, 10, 11, 12, 14, 18, 19, 21, 22, 23, 26, 27, 62, 63, 64, 67, 68, 69, 72, 73, 74, 77, 78, 82, 83, 87, 88, 92, 93, 108, 109, 135, 136, 143, 144], "summary": {"covered_lines": 15, "num_statements": 15, "percent_covered": 100.0, "percent_covered_display": "100", "missing_lines": 0, "excluded_lines": 24, "num_branches": 0, "num_partial_branches": 0, "covered_branches": 0, "missing_branches": 0}, "missing_lines": [], "excluded_lines": [14, 15, 62, 63, 64, 67, 68, 69, 72, 73, 74, 92, 93, 108, 109, 110, 111, 112, 113, 114, 135, 136, 143, 144], "executed_branches": [], "missing_branches": []}}}, "src/obskit/interfaces/health_checker.py": {"executed_lines": [1, 8, 10, 11, 12, 14, 18, 19, 21, 22, 23, 26, 27, 29, 30, 31, 34, 35, 36, 39, 40, 41, 44, 45, 48, 49, 53, 54, 78, 79, 102, 103, 120, 121, 131, 132, 142, 143, 153, 154, 164, 165], "summary": {"covered_lines": 10, "num_statements": 10, "percent_covered": 100.0, "percent_covered_display": "100", "missing_lines": 0, "excluded_lines": 110, "num_branches": 0, "num_partial_branches": 0, "covered_branches": 0, "missing_branches": 0}, "missing_lines": [], "excluded_lines": [14, 15, 29, 30, 31, 32, 34, 35, 36, 37, 39, 40, 41, 42, 44, 45, 46, 48, 49, 50, 78, 79, 80, 81, 82, 83, 84, 85, 86, 87, 88, 89, 90, 91, 92, 93, 94, 95, 96, 97, 98, 99, 100, 102, 103, 104, 105, 106, 107, 108, 109, 110, 111, 112, 113, 114, 115, 116, 117, 118, 120, 121, 122, 123, 124, 125, 126, 127, 128, 129, 131, 132, 133, 134, 135, 136, 137, 138, 139, 140, 142, 143, 144, 145, 146, 147, 148, 149, 150, 151, 153, 154, 155, 156, 157, 158, 159, 160, 161, 162, 164, 165, 166, 167, 168, 169, 170, 171, 172, 173], "executed_branches": [], "missing_branches": [], "functions": {"HealthResultInterface.healthy": {"executed_lines": [], "summary": {"covered_lines": 0, "num_statements": 0, "percent_covered": 100.0, "percent_covered_display": "100", "missing_lines": 0, "excluded_lines": 1, "num_branches": 0, "num_partial_branches": 0, "covered_branches": 0, "missing_branches": 0}, "missing_lines": [], "excluded_lines": [32], "executed_branches": [], "missing_branches": []}, "HealthResultInterface.status": {"executed_lines": [], "summary": {"covered_lines": 0, "num_statements": 0, "percent_covered": 100.0, "percent_covered_display": "100", "missing_lines": 0, "excluded_lines": 1, "num_branches": 0, "num_partial_branches": 0, "covered_branches": 0, "missing_branches": 0}, "missing_lines": [], "excluded_lines": [37], "executed_branches": [], "missing_branches": []}, "HealthResultInterface.checks": {"executed_lines": [], "summary": {"covered_lines": 0, "num_statements": 0, "percent_covered": 100.0, "percent_covered_display": "100", "missing_lines": 0, "excluded_lines": 1, "num_branches": 0, "num_partial_branches": 0, "covered_branches": 0, "missing_branches": 0}, "missing_lines": [], "excluded_lines": [42], "executed_branches": [], "missing_branches": []}, "HealthResultInterface.to_dict": {"executed_lines": [], "summary": {"covered_lines": 0, "num_statements": 0, "percent_covered": 100.0, "percent_covered_display": "100", "missing_lines": 0, "excluded_lines": 1, "num_branches": 0, "num_partial_branches": 0, "covered_branches": 0, "missing_branches": 0}, "missing_lines": [], "excluded_lines": [46], "executed_branches": [], "missing_branches": []}, "HealthResultInterface.to_json": {"executed_lines": [], "summary": {"covered_lines": 0, "num_statements": 0, "percent_covered": 100.0, "percent_covered_display": "100", "missing_lines": 0, "excluded_lines": 1, "num_branches": 0, "num_partial_branches": 0, "covered_branches": 0, "missing_branches": 0}, "missing_lines": [], "excluded_lines": [50], "executed_branches": [], "missing_branches": []}, "HealthCheckerInterface.add_readiness_check": {"executed_lines": [], "summary": {"covered_lines": 0, "num_statements": 0, "percent_covered": 100.0, "percent_covered_display": "100", "missing_lines": 0, "excluded_lines": 19, "num_branches": 0, "num_partial_branches": 0, "covered_branches": 0, "missing_branches": 0}, "missing_lines": [], "excluded_lines": [82, 83, 84, 85, 86, 87, 88, 89, 90, 91, 92, 93, 94, 95, 96, 97, 98, 99, 100], "executed_branches": [], "missing_branches": []}, "HealthCheckerInterface.add_liveness_check": {"executed_lines": [], "summary": {"covered_lines": 0, "num_statements": 0, "percent_covered": 100.0, "percent_covered_display": "100", "missing_lines": 0, "excluded_lines": 13, "num_branches": 0, "num_partial_branches": 0, "covered_branches": 0, "missing_branches": 0}, "missing_lines": [], "excluded_lines": [106, 107, 108, 109, 110, 111, 112, 113, 114, 115, 116, 117, 118], "executed_branches": [], "missing_branches": []}, "HealthCheckerInterface.check_health": {"executed_lines": [], "summary": {"covered_lines": 0, "num_statements": 0, "percent_covered": 100.0, "percent_covered_display": "100", "missing_lines": 0, "excluded_lines": 8, "num_branches": 0, "num_partial_branches": 0, "covered_branches": 0, "missing_branches": 0}, "missing_lines": [], "excluded_lines": [122, 123, 124, 125, 126, 127, 128, 129], "executed_branches": [], "missing_branches": []}, "HealthCheckerInterface.check_readiness": {"executed_lines": [], "summary": {"covered_lines": 0, "num_statements": 0, "percent_covered": 100.0, "percent_covered_display": "100", "missing_lines": 0, "excluded_lines": 8, "num_branches": 0, "num_partial_branches": 0, "covered_branches": 0, "missing_branches": 0}, "missing_lines": [], "excluded_lines": [133, 134, 135, 136, 137, 138, 139, 140], "executed_branches": [], "missing_branches": []}, "HealthCheckerInterface.check_liveness": {"executed_lines": [], "summary": {"covered_lines": 0, "num_statements": 0, "percent_covered": 100.0, "percent_covered_display": "100", "missing_lines": 0, "excluded_lines": 8, "num_branches": 0, "num_partial_branches": 0, "covered_branches": 0, "missing_branches": 0}, "missing_lines": [], "excluded_lines": [144, 145, 146, 147, 148, 149, 150, 151], "executed_branches": [], "missing_branches": []}, "HealthCheckerInterface.is_ready": {"executed_lines": [], "summary": {"covered_lines": 0, "num_statements": 0, "percent_covered": 100.0, "percent_covered_display": "100", "missing_lines": 0, "excluded_lines": 8, "num_branches": 0, "num_partial_branches": 0, "covered_branches": 0, "missing_branches": 0}, "missing_lines": [], "excluded_lines": [155, 156, 157, 158, 159, 160, 161, 162], "executed_branches": [], "missing_branches": []}, "HealthCheckerInterface.is_live": {"executed_lines": [], "summary": {"covered_lines": 0, "num_statements": 0, "percent_covered": 100.0, "percent_covered_display": "100", "missing_lines": 0, "excluded_lines": 8, "num_branches": 0, "num_partial_branches": 0, "covered_branches": 0, "missing_branches": 0}, "missing_lines": [], "excluded_lines": [166, 167, 168, 169, 170, 171, 172, 173], "executed_branches": [], "missing_branches": []}, "": {"executed_lines": [1, 8, 10, 11, 12, 14, 18, 19, 21, 22, 23, 26, 27, 29, 30, 31, 34, 35, 36, 39, 40, 41, 44, 45, 48, 49, 53, 54, 78, 79, 102, 103, 120, 121, 131, 132, 142, 143, 153, 154, 164, 165], "summary": {"covered_lines": 10, "num_statements": 10, "percent_covered": 100.0, "percent_covered_display": "100", "missing_lines": 0, "excluded_lines": 33, "num_branches": 0, "num_partial_branches": 0, "covered_branches": 0, "missing_branches": 0}, "missing_lines": [], "excluded_lines": [14, 15, 29, 30, 31, 34, 35, 36, 39, 40, 41, 44, 45, 48, 49, 78, 79, 80, 81, 102, 103, 104, 105, 120, 121, 131, 132, 142, 143, 153, 154, 164, 165], "executed_branches": [], "missing_branches": []}}, "classes": {"HealthStatus": {"executed_lines": [], "summary": {"covered_lines": 0, "num_statements": 0, "percent_covered": 100.0, "percent_covered_display": "100", "missing_lines": 0, "excluded_lines": 0, "num_branches": 0, "num_partial_branches": 0, "covered_branches": 0, "missing_branches": 0}, "missing_lines": [], "excluded_lines": [], "executed_branches": [], "missing_branches": []}, "HealthResultInterface": {"executed_lines": [], "summary": {"covered_lines": 0, "num_statements": 0, "percent_covered": 100.0, "percent_covered_display": "100", "missing_lines": 0, "excluded_lines": 5, "num_branches": 0, "num_partial_branches": 0, "covered_branches": 0, "missing_branches": 0}, "missing_lines": [], "excluded_lines": [32, 37, 42, 46, 50], "executed_branches": [], "missing_branches": []}, "HealthCheckerInterface": {"executed_lines": [], "summary": {"covered_lines": 0, "num_statements": 0, "percent_covered": 100.0, "percent_covered_display": "100", "missing_lines": 0, "excluded_lines": 72, "num_branches": 0, "num_partial_branches": 0, "covered_branches": 0, "missing_branches": 0}, "missing_lines": [], "excluded_lines": [82, 83, 84, 85, 86, 87, 88, 89, 90, 91, 92, 93, 94, 95, 96, 97, 98, 99, 100, 106, 107, 108, 109, 110, 111, 112, 113, 114, 115, 116, 117, 118, 122, 123, 124, 125, 126, 127, 128, 129, 133, 134, 135, 136, 137, 138, 139, 140, 144, 145, 146, 147, 148, 149, 150, 151, 155, 156, 157, 158, 159, 160, 161, 162, 166, 167, 168, 169, 170, 171, 172, 173], "executed_branches": [], "missing_branches": []}, "": {"executed_lines": [1, 8, 10, 11, 12, 14, 18, 19, 21, 22, 23, 26, 27, 29, 30, 31, 34, 35, 36, 39, 40, 41, 44, 45, 48, 49, 53, 54, 78, 79, 102, 103, 120, 121, 131, 132, 142, 143, 153, 154, 164, 165], "summary": {"covered_lines": 10, "num_statements": 10, "percent_covered": 100.0, "percent_covered_display": "100", "missing_lines": 0, "excluded_lines": 33, "num_branches": 0, "num_partial_branches": 0, "covered_branches": 0, "missing_branches": 0}, "missing_lines": [], "excluded_lines": [14, 15, 29, 30, 31, 34, 35, 36, 39, 40, 41, 44, 45, 48, 49, 78, 79, 80, 81, 102, 103, 104, 105, 120, 121, 131, 132, 142, 143, 153, 154, 164, 165], "executed_branches": [], "missing_branches": []}}}, "src/obskit/interfaces/logging.py": {"executed_lines": [1, 9, 11, 12, 15, 16, 47, 48, 60, 61, 73, 74, 86, 87, 99, 100, 112, 113, 125, 126, 147, 160], "summary": {"covered_lines": 6, "num_statements": 8, "percent_covered": 75.0, "percent_covered_display": "75", "missing_lines": 2, "excluded_lines": 93, "num_branches": 0, "num_partial_branches": 0, "covered_branches": 0, "missing_branches": 0}, "missing_lines": [158, 171], "excluded_lines": [47, 48, 49, 50, 51, 52, 53, 54, 55, 56, 57, 58, 60, 61, 62, 63, 64, 65, 66, 67, 68, 69, 70, 71, 73, 74, 75, 76, 77, 78, 79, 80, 81, 82, 83, 84, 86, 87, 88, 89, 90, 91, 92, 93, 94, 95, 96, 97, 99, 100, 101, 102, 103, 104, 105, 106, 107, 108, 109, 110, 112, 113, 114, 115, 116, 117, 118, 119, 120, 121, 122, 123, 125, 126, 127, 128, 129, 130, 131, 132, 133, 134, 135, 136, 137, 138, 139, 140, 141, 142, 143, 144, 145], "executed_branches": [], "missing_branches": [], "functions": {"LoggerInterface.debug": {"executed_lines": [], "summary": {"covered_lines": 0, "num_statements": 0, "percent_covered": 100.0, "percent_covered_display": "100", "missing_lines": 0, "excluded_lines": 10, "num_branches": 0, "num_partial_branches": 0, "covered_branches": 0, "missing_branches": 0}, "missing_lines": [], "excluded_lines": [49, 50, 51, 52, 53, 54, 55, 56, 57, 58], "executed_branches": [], "missing_branches": []}, "LoggerInterface.info": {"executed_lines": [], "summary": {"covered_lines": 0, "num_statements": 0, "percent_covered": 100.0, "percent_covered_display": "100", "missing_lines": 0, "excluded_lines": 10, "num_branches": 0, "num_partial_branches": 0, "covered_branches": 0, "missing_branches": 0}, "missing_lines": [], "excluded_lines": [62, 63, 64, 65, 66, 67, 68, 69, 70, 71], "executed_branches": [], "missing_branches": []}, "LoggerInterface.warning": {"executed_lines": [], "summary": {"covered_lines": 0, "num_statements": 0, "percent_covered": 100.0, "percent_covered_display": "100", "missing_lines": 0, "excluded_lines": 10, "num_branches": 0, "num_partial_branches": 0, "covered_branches": 0, "missing_branches": 0}, "missing_lines": [], "excluded_lines": [75, 76, 77, 78, 79, 80, 81, 82, 83, 84], "executed_branches": [], "missing_branches": []}, "LoggerInterface.error": {"executed_lines": [], 
[...]
, [198, 199], [198, 206]], "missing_branches": []}, "SLOTracker.get_all_status": {"executed_lines": [], "summary": {"covered_lines": 0, "num_statements": 1, "percent_covered": 0.0, "percent_covered_display": "0", "missing_lines": 1, "excluded_lines": 0, "num_branches": 0, "num_partial_branches": 0, "covered_branches": 0, "missing_branches": 0}, "missing_lines": [214], "excluded_lines": [], "executed_branches": [], "missing_branches": []}, "SLOTracker.to_dict": {"executed_lines": [], "summary": {"covered_lines": 0, "num_statements": 1, "percent_covered": 0.0, "percent_covered_display": "0", "missing_lines": 1, "excluded_lines": 0, "num_branches": 0, "num_partial_branches": 0, "covered_branches": 0, "missing_branches": 0}, "missing_lines": [220], "excluded_lines": [], "executed_branches": [], "missing_branches": []}, "get_slo_tracker": {"executed_lines": [], "summary": {"covered_lines": 0, "num_statements": 3, "percent_covered": 0.0, "percent_covered_display": "0", "missing_lines": 3, "excluded_lines": 0, "num_branches": 2, "num_partial_branches": 0, "covered_branches": 0, "missing_branches": 2}, "missing_lines": [230, 231, 232], "excluded_lines": [], "executed_branches": [], "missing_branches": [[230, 231], [230, 232]]}, "track_slo": {"executed_lines": [], "summary": {"covered_lines": 0, "num_statements": 2, "percent_covered": 0.0, "percent_covered_display": "0", "missing_lines": 2, "excluded_lines": 0, "num_branches": 0, "num_partial_branches": 0, "covered_branches": 0, "missing_branches": 0}, "missing_lines": [247, 248], "excluded_lines": [], "executed_branches": [], "missing_branches": []}, "reset_slo_tracker": {"executed_lines": [254], "summary": {"covered_lines": 1, "num_statements": 1, "percent_covered": 100.0, "percent_covered_display": "100", "missing_lines": 0, "excluded_lines": 0, "num_branches": 0, "num_partial_branches": 0, "covered_branches": 0, "missing_branches": 0}, "missing_lines": [], "excluded_lines": [], "executed_branches": [], "missing_branches": []}, "": {"executed_lines": [1, 3, 5, 6, 8, 9, 11, 14, 15, 28, 33, 67, 96, 148, 178, 185, 208, 218, 224, 227, 235, 251], "summary": {"covered_lines": 20, "num_statements": 20, "percent_covered": 100.0, "percent_covered_display": "100", "missing_lines": 0, "excluded_lines": 0, "num_branches": 0, "num_partial_branches": 0, "covered_branches": 0, "missing_branches": 0}, "missing_lines": [], "excluded_lines": [], "executed_branches": [], "missing_branches": []}}, "classes": {"SLOTracker": {"executed_lines": [30, 31, 50, 56, 57, 59, 80, 84, 89, 92, 93, 94, 105, 108, 109, 111, 112, 114, 115, 128, 131, 134, 136, 154, 157, 158, 159, 161, 162, 163, 165, 166, 167, 168, 169, 173, 174, 180, 181, 183, 191, 192, 193, 194, 195, 196, 198, 199, 200, 201, 202, 203, 206], "summary": {"covered_lines": 53, "num_statements": 61, "percent_covered": 85.5421686746988, "percent_covered_display": "86", "missing_lines": 8, "excluded_lines": 1, "num_branches": 22, "num_partial_branches": 4, "covered_branches": 18, "missing_branches": 4}, "missing_lines": [81, 82, 106, 155, 175, 176, 214, 220], "excluded_lines": [170], "executed_branches": [[80, 84], [105, 108], [114, 115], [114, 128], [154, 157], [157, 158], [157, 161], [161, 162], [161, 165], [165, 166], [165, 173], [173, 174], [180, 181], [180, 183], [191, 192], [191, 198], [198, 199], [198, 206]], "missing_branches": [[80, 81], [105, 106], [154, 155], [173, 175]]}, "": {"executed_lines": [1, 3, 5, 6, 8, 9, 11, 14, 15, 28, 33, 67, 96, 148, 178, 185, 208, 218, 224, 227, 235, 251, 254], "summary": {"covered_lines": 21, "num_statements": 26, "percent_covered": 75.0, "percent_covered_display": "75", "missing_lines": 5, "excluded_lines": 0, "num_branches": 2, "num_partial_branches": 0, "covered_branches": 0, "missing_branches": 2}, "missing_lines": [230, 231, 232, 247, 248], "excluded_lines": [], "executed_branches": [], "missing_branches": [[230, 231], [230, 232]]}}}, "src/obskit/slo/types.py": {"executed_lines": [1, 3, 5, 6, 7, 8, 11, 12, 14, 15, 16, 17, 20, 21, 22, 31, 32, 33, 34, 36, 38, 41, 42, 46, 47, 48, 56, 57, 58, 61, 62, 63, 77, 78, 79, 80, 81, 82, 83, 84, 85, 87, 102, 103, 104, 114, 115, 116, 117, 118, 120, 123, 124, 130, 131], "summary": {"covered_lines": 49, "num_statements": 57, "percent_covered": 81.53846153846153, "percent_covered_display": "82", "missing_lines": 8, "excluded_lines": 0, "num_branches": 8, "num_partial_branches": 2, "covered_branches": 4, "missing_branches": 4}, "missing_lines": [39, 43, 89, 121, 126, 127, 128, 133], "excluded_lines": [], "executed_branches": [[38, 41], [41, -36], [41, 42], [42, -36]], "missing_branches": [[38, 39], [42, 43], [126, 127], [126, 128]], "functions": {"SLOTarget.__post_init__": {"executed_lines": [38, 41, 42], "summary": {"covered_lines": 3, "num_statements": 5, "percent_covered": 63.63636363636363, "percent_covered_display": "64", "missing_lines": 2, "excluded_lines": 0, "num_branches": 6, "num_partial_branches": 2, "covered_branches": 4, "missing_branches": 2}, "missing_lines": [39, 43], "excluded_lines": [], "executed_branches": [[38, 41], [41, -36], [41, 42], [42, -36]], "missing_branches": [[38, 39], [42, 43]]}, "SLOStatus.to_dict": {"executed_lines": [], "summary": {"covered_lines": 0, "num_statements": 1, "percent_covered": 0.0, "percent_covered_display": "0", "missing_lines": 1, "excluded_lines": 0, "num_branches": 0, "num_partial_branches": 0, "covered_branches": 0, "missing_branches": 0}, "missing_lines": [89], "excluded_lines": [], "executed_branches": [], "missing_branches": []}, "ErrorBudget.__post_init__": {"executed_lines": [], "summary": {"covered_lines": 0, "num_statements": 1, "percent_covered": 0.0, "percent_covered_display": "0", "missing_lines": 1, "excluded_lines": 0, "num_branches": 0, "num_partial_branches": 0, "covered_branches": 0, "missing_branches": 0}, "missing_lines": [121], "excluded_lines": [], "executed_branches": [], "missing_branches": []}, "ErrorBudget.remaining_percentage": {"executed_lines": [], "summary": {"covered_lines": 0, "num_statements": 3, "percent_covered": 0.0, "percent_covered_display": "0", "missing_lines": 3, "excluded_lines": 0, "num_branches": 2, "num_partial_branches": 0, "covered_branches": 0, "missing_branches": 2}, "missing_lines": [126, 127, 128], "excluded_lines": [], "executed_branches": [], "missing_branches": [[126, 127], [126, 128]]}, "ErrorBudget.is_exhausted": {"executed_lines": [], "summary": {"covered_lines": 0, "num_statements": 1, "percent_covered": 0.0, "percent_covered_display": "0", "missing_lines": 1, "excluded_lines": 0, "num_branches": 0, "num_partial_branches": 0, "covered_branches": 0, "missing_branches": 0}, "missing_lines": [133], "excluded_lines": [], "executed_branches": [], "missing_branches": []}, "": {"executed_lines": [1, 3, 5, 6, 7, 8, 11, 12, 14, 15, 16, 17, 20, 21, 22, 31, 32, 33, 34, 36, 46, 47, 48, 56, 57, 58, 61, 62, 63, 77, 78, 79, 80, 81, 82, 83, 84, 85, 87, 102, 103, 104, 114, 115, 116, 117, 118, 120, 123, 124, 130, 131], "summary": {"covered_lines": 46, "num_statements": 46, "percent_covered": 100.0, "percent_covered_display": "100", "missing_lines": 0, "excluded_lines": 0, "num_branches": 0, "num_partial_branches": 0, "covered_branches": 0, "missing_branches": 0}, "missing_lines": [], "excluded_lines": [], "executed_branches": [], "missing_branches": []}}, "classes": {"SLOType": {"executed_lines": [], "summary": {"covered_lines": 0, "num_statements": 0, "percent_covered": 100.0, "percent_covered_display": "100", "missing_lines": 0, "excluded_lines": 0, "num_branches": 0, "num_partial_branches": 0, "covered_branches": 0, "missing_branches": 0}, "missing_lines": [], "excluded_lines": [], "executed_branches": [], "missing_branches": []}, "SLOTarget": {"executed_lines": [38, 41, 42], "summary": {"covered_lines": 3, "num_statements": 5, "percent_covered": 63.63636363636363, "percent_covered_display": "64", "missing_lines": 2, "excluded_lines": 0, "num_branches": 6, "num_partial_branches": 2, "covered_branches": 4, "missing_branches": 2}, "missing_lines": [39, 43], "excluded_lines": [], "executed_branches": [[38, 41], [41, -36], [41, 42], [42, -36]], "missing_branches": [[38, 39], [42, 43]]}, "SLOMeasurement": {"executed_lines": [], "summary": {"covered_lines": 0, "num_statements": 0, "percent_covered": 100.0, "percent_covered_display": "100", "missing_lines": 0, "excluded_lines": 0, "num_branches": 0, "num_partial_branches": 0, "covered_branches": 0, "missing_branches": 0}, "missing_lines": [], "excluded_lines": [], "executed_branches": [], "missing_branches": []}, "SLOStatus": {"executed_lines": [], "summary": {"covered_lines": 0, "num_statements": 1, "percent_covered": 0.0, "percent_covered_display": "0", "missing_lines": 1, "excluded_lines": 0, "num_branches": 0, "num_partial_branches": 0, "covered_branches": 0, "missing_branches": 0}, "missing_lines": [89], "excluded_lines": [], "executed_branches": [], "missing_branches": []}, "ErrorBudget": {"executed_lines": [], "summary": {"covered_lines": 0, "num_statements": 5, "percent_covered": 0.0, "percent_covered_display": "0", "missing_lines": 5, "excluded_lines": 0, "num_branches": 2, "num_partial_branches": 0, "covered_branches": 0, "missing_branches": 2}, "missing_lines": [121, 126, 127, 128, 133], "excluded_lines": [], "executed_branches": [], "missing_branches": [[126, 127], [126, 128]]}, "": {"executed_lines": [1, 3, 5, 6, 7, 8, 11, 12, 14, 15, 16, 17, 20, 21, 22, 31, 32, 33, 34, 36, 46, 47, 48, 56, 57, 58, 61, 62, 63, 77, 78, 79, 80, 81, 82, 83, 84, 85, 87, 102, 103, 104, 114, 115, 116, 117, 118, 120, 123, 124, 130, 131], "summary": {"covered_lines": 46, "num_statements": 46, "percent_covered": 100.0, "percent_covered_display": "100", "missing_lines": 0, "excluded_lines": 0, "num_branches": 0, "num_partial_branches": 0, "covered_branches": 0, "missing_branches": 0}, "missing_lines": [], "excluded_lines": [], "executed_branches": [], "missing_branches": []}}}, "src/obskit/tracing/__init__.py": {"executed_lines": [1, 15, 24], "summary": {"covered_lines": 2, "num_statements": 2, "percent_covered": 100.0, "percent_covered_display": "100", "missing_lines": 0, "excluded_lines": 0, "num_branches": 0, "num_partial_branches": 0, "covered_branches": 0, "missing_branches": 0}, "missing_lines": [], "excluded_lines": [], "executed_branches": [], "missing_branches": [], "functions": {"": {"executed_lines": [1, 15, 24], "summary": {"covered_lines": 2, "num_statements": 2, "percent_covered": 100.0, "percent_covered_display": "100", "missing_lines": 0, "excluded_lines": 0, "num_branches": 0, "num_partial_branches": 0, "covered_branches": 0, "missing_branches": 0}, "missing_lines": [], "excluded_lines": [], "executed_branches": [], "missing_branches": []}}, "classes": {"": {"executed_lines": [1, 15, 24], "summary": {"covered_lines": 2, "num_statements": 2, "percent_covered": 100.0, "percent_covered_display": "100", "missing_lines": 0, "excluded_lines": 0, "num_branches": 0, "num_partial_branches": 0, "covered_branches": 0, "missing_branches": 0}, "missing_lines": [], "excluded_lines": [], "executed_branches": [], "missing_branches": []}}}, "src/obskit/tracing/tracer.py": {"executed_lines": [1, 3, 5, 6, 7, 8, 9, 11, 13, 17, 18, 19, 20, 21, 22, 26, 38, 39, 42, 43, 44, 47, 66, 69, 70, 71, 72, 75, 84, 87, 88, 89, 93, 101, 102, 103, 105, 111, 117, 119, 120, 122, 125, 137, 141, 146, 151, 154, 155, 201, 238, 293, 337, 338, 384, 393, 396, 397, 398, 401, 416, 419, 420], "summary": {"covered_lines": 45, "num_statements": 85, "percent_covered": 48.484848484848484, "percent_covered_display": "48", "missing_lines": 40, "excluded_lines": 71, "num_branches": 14, "num_partial_branches": 1, "covered_branches": 3, "missing_branches": 11}, "missing_lines": [142, 143, 144, 176, 182, 183, 184, 185, 186, 187, 188, 189, 190, 192, 193, 194, 198, 220, 221, 222, 224, 225, 226, 231, 233, 235, 277, 278, 290, 323, 324, 364, 366, 367, 368, 390, 421, 423, 424, 425], "excluded_lines": [13, 14, 27, 28, 29, 30, 31, 32, 33, 34, 35, 66, 67, 87, 88, 89, 93, 101, 102, 103, 105, 111, 112, 114, 117, 119, 120, 137, 138, 146, 147, 148, 149, 178, 179, 180, 195, 196, 197, 274, 275, 280, 281, 285, 286, 287, 288, 320, 321, 326, 327, 331, 332, 333, 334, 360, 361, 362, 370, 371, 374, 375, 376, 377, 379, 380, 381, 416, 417, 426, 427], "executed_branches": [[420, -401]], "missing_branches": [[184, 185], [184, 186], [186, 187], [186, 188], [188, 189], [188, 192], [189, 190], [189, 192], [420, 421], [424, -401], [424, 425]], "functions": {"configure_tracing": {"executed_lines": [66, 69, 70, 71, 72, 75, 84, 87, 88, 89, 93, 101, 102, 103, 105, 111, 117, 119, 120, 122], "summary": {"covered_lines": 7, "num_statements": 7, "percent_covered": 100.0, "percent_covered_display": "100", "missing_lines": 0, "excluded_lines": 16, "num_branches": 0, "num_partial_branches": 0, "covered_branches": 0, "missing_branches": 0}, "missing_lines": [], "excluded_lines": [66, 67, 87, 88, 89, 93, 101, 102, 103, 105, 111, 112, 114, 117, 119, 120], "executed_branches": [], "missing_branches": []}, "get_tracer": {"executed_lines": [137, 141, 146, 151], "summary": {"covered_lines": 2, "num_statements": 5, "percent_covered": 40.0, "percent_covered_display": "40", "missing_lines": 3, "excluded_lines": 6, "num_branches": 0, "num_partial_branches": 0, "covered_branches": 0, "missing_branches": 0}, "missing_lines": [142, 143, 144], "excluded_lines": [137, 138, 146, 147, 148, 149], "executed_branches": [], "missing_branches": []}, "trace_span": {"executed_lines": [], "summary": {"covered_lines": 0, "num_statements": 14, "percent_covered": 8.333333333333334, "percent_covered_display": "8", "missing_lines": 14, "excluded_lines": 6, "num_branches": 10, "num_partial_branches": 0, "covered_branches": 2, "missing_branches": 8}, "missing_lines": [176, 182, 183, 184, 185, 186, 187, 188, 189, 190, 192, 193, 194, 198], "excluded_lines": [178, 179, 180, 195, 196, 197], "executed_branches": [], "missing_branches": [[184, 185], [184, 186], [186, 187], [186, 188], [188, 189], [188, 192], [189, 190], [189, 192]]}, "trace_operation": {"executed_lines": [], "summary": {"covered_lines": 0, "num_statements": 2, "percent_covered": 0.0, "percent_covered_display": "0", "missing_lines": 2, "excluded_lines": 0, "num_branches": 0, "num_partial_branches": 0, "covered_branches": 0, "missing_branches": 0}, "missing_lines": [220, 235], "excluded_lines": [], "executed_branches": [], "missing_branches": []}, "trace_operation.decorator": {"executed_lines": [], "summary": {"covered_lines": 0, "num_statements": 5, "percent_covered": 0.0, "percent_covered_display": "0", "missing_lines": 5, "excluded_lines": 0, "num_branches": 0, "num_partial_branches": 0, "covered_branches": 0, "missing_branches": 0}, "missing_lines": [221, 222, 224, 225, 233], "excluded_lines": [], "executed_branches": [], "missing_branches": []}, "trace_operation.decorator.wrapper": {"executed_lines": [], "summary": {"covered_lines": 0, "num_statements": 2, "percent_covered": 0.0, "percent_covered_display": "0", "missing_lines": 2, "excluded_lines": 0, "num_branches": 0, "num_partial_branches": 0, "covered_branches": 0, "missing_branches": 0}, "missing_lines": [226, 231], "excluded_lines": [], "executed_branches": [], "missing_branches": []}, "inject_trace_context": {"executed_lines": [], "summary": {"covered_lines": 0, "num_statements": 3, "percent_covered": 0.0, "percent_covered_display": "0", "missing_lines": 3, "excluded_lines": 8, "num_branches": 0, "num_partial_branches": 0, "covered_branches": 0, "missing_branches": 0}, "missing_lines": [277, 278, 290], "excluded_lines": [274, 275, 280, 281, 285, 286, 287, 288], "executed_branches": [], "missing_branches": []}, "extract_trace_context": {"executed_lines": [], "summary": {"covered_lines": 0, "num_statements": 2, "percent_covered": 0.0, "percent_covered_display": "0", "missing_lines": 2, "excluded_lines": 8, "num_branches": 0, "num_partial_branches": 0, "covered_branches": 0, "missing_branches": 0}, "missing_lines": [323, 324], "excluded_lines": [320, 321, 326, 327, 331, 332, 333, 334], "executed_branches": [], "missing_branches": []}, "trace_context": {"executed_lines": [], "summary": {"covered_lines": 0, "num_statements": 4, "percent_covered": 0.0, "percent_covered_display": "0", "missing_lines": 4, "excluded_lines": 12, "num_branches": 0, "num_partial_branches": 0, "covered_branches": 0, "missing_branches": 0}, "missing_lines": [364, 366, 367, 368], "excluded_lines": [360, 361, 362, 370, 371, 374, 375, 376, 377, 379, 380, 381], "executed_branches": [], "missing_branches": []}, "is_tracing_available": {"executed_lines": [], "summary": {"covered_lines": 0, "num_statements": 1, "percent_covered": 0.0, "percent_covered_display": "0", "missing_lines": 1, "excluded_lines": 0, "num_branches": 0, "num_partial_branches": 0, "covered_branches": 0, "missing_branches": 0}, "missing_lines": [390], "excluded_lines": [], "executed_branches": [], "missing_branches": []}, "reset_tracing": {"executed_lines": [396, 397, 398], "summary": {"covered_lines": 3, "num_statements": 3, "percent_covered": 100.0, "percent_covered_display": "100", "missing_lines": 0, "excluded_lines": 0, "num_branches": 0, "num_partial_branches": 0, "covered_branches": 0, "missing_branches": 0}, "missing_lines": [], "excluded_lines": [], "executed_branches": [], "missing_branches": []}, "shutdown_tracing": {"executed_lines": [416, 419, 420], "summary": {"covered_lines": 2, "num_statements": 6, "percent_covered": 30.0, "percent_covered_display": "30", "missing_lines": 4, "excluded_lines": 4, "num_branches": 4, "num_partial_branches": 1, "covered_branches": 1, "missing_branches": 3}, "missing_lines": [421, 423, 424, 425], "excluded_lines": [416, 417, 426, 427], "executed_branches": [[420, -401]], "missing_branches": [[420, 421], [424, -401], [424, 425]]}, "": {"executed_lines": [1, 3, 5, 6, 7, 8, 9, 11, 13, 17, 18, 19, 20, 21, 22, 26, 38, 39, 42, 43, 44, 47, 125, 154, 155, 201, 238, 293, 337, 338, 384, 393, 401], "summary": {"covered_lines": 31, "num_statements": 31, "percent_covered": 100.0, "percent_covered_display": "100", "missing_lines": 0, "excluded_lines": 11, "num_branches": 0, "num_partial_branches": 0, "covered_branches": 0, "missing_branches": 0}, "missing_lines": [], "excluded_lines": [13, 14, 27, 28, 29, 30, 31, 32, 33, 34, 35], "executed_branches": [], "missing_branches": []}}, "classes": {"": {"executed_lines": [1, 3, 5, 6, 7, 8, 9, 11, 13, 17, 18, 19, 20, 21, 22, 26, 38, 39, 42, 43, 44, 47, 66, 69, 70, 71, 72, 75, 84, 87, 88, 89, 93, 101, 102, 103, 105, 111, 117, 119, 120, 122, 125, 137, 141, 146, 151, 154, 155, 201, 238, 293, 337, 338, 384, 393, 396, 397, 398, 401, 416, 419, 420], "summary": {"covered_lines": 45, "num_statements": 85, "percent_covered": 48.484848484848484, "percent_covered_display": "48", "missing_lines": 40, "excluded_lines": 71, "num_branches": 14, "num_partial_branches": 1, "covered_branches": 3, "missing_branches": 11}, "missing_lines": [142, 143, 144, 176, 182, 183, 184, 185, 186, 187, 188, 189, 190, 192, 193, 194, 198, 220, 221, 222, 224, 225, 226, 231, 233, 235, 277, 278, 290, 323, 324, 364, 366, 367, 368, 390, 421, 423, 424, 425], "excluded_lines": [13, 14, 27, 28, 29, 30, 31, 32, 33, 34, 35, 66, 67, 87, 88, 89, 93, 101, 102, 103, 105, 111, 112, 114, 117, 119, 120, 137, 138, 146, 147, 148, 149, 178, 179, 180, 195, 196, 197, 274, 275, 280, 281, 285, 286, 287, 288, 320, 321, 326, 327, 331, 332, 333, 334, 360, 361, 362, 370, 371, 374, 375, 376, 377, 379, 380, 381, 416, 417, 426, 427], "executed_branches": [[420, -401]], "missing_branches": [[184, 185], [184, 186], [186, 187], [186, 188], [188, 189], [188, 192], [189, 190], [189, 192], [420, 421], [424, -401], [424, 425]]}}}}, "totals": {"covered_lines": 1859, "num_statements": 2994, "percent_covered": 57.428249859313446, "percent_covered_display": "57", "missing_lines": 1135, "excluded_lines": 876, "num_branches": 560, "num_partial_branches": 54, "covered_branches": 182, "missing_branches": 378}}